[2026-02-20 13:44:11] local.ERROR: Call to a member function patients() on array {"exception":"[object] (Error(code: 0): Call to a member function patients() on array at /Users/adrian12/Documents/JS-PHP25-26/RECUPERACION/php/laravel/hospital/hospi/database/seeders/DatabaseSeeder.php:63)
[stacktrace]
#0 /Users/adrian12/Documents/JS-PHP25-26/RECUPERACION/php/laravel/hospital/hospi/vendor/laravel/framework/src/Illuminate/Container/BoundMethod.php(36): Database\\Seeders\\DatabaseSeeder->run()
#1 /Users/adrian12/Documents/JS-PHP25-26/RECUPERACION/php/laravel/hospital/hospi/vendor/laravel/framework/src/Illuminate/Container/Util.php(43): Illuminate\\Container\\BoundMethod::Illuminate\\Container\\{closure}()
#2 /Users/adrian12/Documents/JS-PHP25-26/RECUPERACION/php/laravel/hospital/hospi/vendor/laravel/framework/src/Illuminate/Container/BoundMethod.php(96): Illuminate\\Container\\Util::unwrapIfClosure(Object(Closure))
#3 /Users/adrian12/Documents/JS-PHP25-26/RECUPERACION/php/laravel/hospital/hospi/vendor/laravel/framework/src/Illuminate/Container/BoundMethod.php(35): Illuminate\\Container\\BoundMethod::callBoundMethod(Object(Illuminate\\Foundation\\Application), Array, Object(Closure))
#4 /Users/adrian12/Documents/JS-PHP25-26/RECUPERACION/php/laravel/hospital/hospi/vendor/laravel/framework/src/Illuminate/Container/Container.php(799): Illuminate\\Container\\BoundMethod::call(Object(Illuminate\\Foundation\\Application), Array, Array, NULL)
#5 /Users/adrian12/Documents/JS-PHP25-26/RECUPERACION/php/laravel/hospital/hospi/vendor/laravel/framework/src/Illuminate/Database/Seeder.php(184): Illuminate\\Container\\Container->call(Array, Array)
#6 /Users/adrian12/Documents/JS-PHP25-26/RECUPERACION/php/laravel/hospital/hospi/vendor/laravel/framework/src/Illuminate/Database/Eloquent/Concerns/HasEvents.php(454): Illuminate\\Database\\Seeder->Illuminate\\Database\\{closure}()
#7 /Users/adrian12/Documents/JS-PHP25-26/RECUPERACION/php/laravel/hospital/hospi/vendor/laravel/framework/src/Illuminate/Database/Console/Seeds/WithoutModelEvents.php(17): Illuminate\\Database\\Eloquent\\Model::withoutEvents(Object(Closure))
#8 /Users/adrian12/Documents/JS-PHP25-26/RECUPERACION/php/laravel/hospital/hospi/vendor/laravel/framework/src/Illuminate/Database/Seeder.php(193): Database\\Seeders\\DatabaseSeeder->Illuminate\\Database\\Console\\Seeds\\{closure}()
#9 /Users/adrian12/Documents/JS-PHP25-26/RECUPERACION/php/laravel/hospital/hospi/vendor/laravel/framework/src/Illuminate/Database/Console/Seeds/SeedCommand.php(71): Illuminate\\Database\\Seeder->__invoke()
#10 /Users/adrian12/Documents/JS-PHP25-26/RECUPERACION/php/laravel/hospital/hospi/vendor/laravel/framework/src/Illuminate/Database/Eloquent/Concerns/GuardsAttributes.php(157): Illuminate\\Database\\Console\\Seeds\\SeedCommand->Illuminate\\Database\\Console\\Seeds\\{closure}()
#11 /Users/adrian12/Documents/JS-PHP25-26/RECUPERACION/php/laravel/hospital/hospi/vendor/laravel/framework/src/Illuminate/Database/Console/Seeds/SeedCommand.php(70): Illuminate\\Database\\Eloquent\\Model::unguarded(Object(Closure))
#12 /Users/adrian12/Documents/JS-PHP25-26/RECUPERACION/php/laravel/hospital/hospi/vendor/laravel/framework/src/Illuminate/Container/BoundMethod.php(36): Illuminate\\Database\\Console\\Seeds\\SeedCommand->handle()
#13 /Users/adrian12/Documents/JS-PHP25-26/RECUPERACION/php/laravel/hospital/hospi/vendor/laravel/framework/src/Illuminate/Container/Util.php(43): Illuminate\\Container\\BoundMethod::Illuminate\\Container\\{closure}()
#14 /Users/adrian12/Documents/JS-PHP25-26/RECUPERACION/php/laravel/hospital/hospi/vendor/laravel/framework/src/Illuminate/Container/BoundMethod.php(96): Illuminate\\Container\\Util::unwrapIfClosure(Object(Closure))
#15 /Users/adrian12/Documents/JS-PHP25-26/RECUPERACION/php/laravel/hospital/hospi/vendor/laravel/framework/src/Illuminate/Container/BoundMethod.php(35): Illuminate\\Container\\BoundMethod::callBoundMethod(Object(Illuminate\\Foundation\\Application), Array, Object(Closure))
#16 /Users/adrian12/Documents/JS-PHP25-26/RECUPERACION/php/laravel/hospital/hospi/vendor/laravel/framework/src/Illuminate/Container/Container.php(799): Illuminate\\Container\\BoundMethod::call(Object(Illuminate\\Foundation\\Application), Array, Array, NULL)
#17 /Users/adrian12/Documents/JS-PHP25-26/RECUPERACION/php/laravel/hospital/hospi/vendor/laravel/framework/src/Illuminate/Console/Command.php(211): Illuminate\\Container\\Container->call(Array)
#18 /Users/adrian12/Documents/JS-PHP25-26/RECUPERACION/php/laravel/hospital/hospi/vendor/symfony/console/Command/Command.php(341): Illuminate\\Console\\Command->execute(Object(Symfony\\Component\\Console\\Input\\ArgvInput), Object(Illuminate\\Console\\OutputStyle))
#19 /Users/adrian12/Documents/JS-PHP25-26/RECUPERACION/php/laravel/hospital/hospi/vendor/laravel/framework/src/Illuminate/Console/Command.php(180): Symfony\\Component\\Console\\Command\\Command->run(Object(Symfony\\Component\\Console\\Input\\ArgvInput), Object(Illuminate\\Console\\OutputStyle))
#20 /Users/adrian12/Documents/JS-PHP25-26/RECUPERACION/php/laravel/hospital/hospi/vendor/symfony/console/Application.php(1102): Illuminate\\Console\\Command->run(Object(Symfony\\Component\\Console\\Input\\ArgvInput), Object(Symfony\\Component\\Console\\Output\\ConsoleOutput))
#21 /Users/adrian12/Documents/JS-PHP25-26/RECUPERACION/php/laravel/hospital/hospi/vendor/symfony/console/Application.php(356): Symfony\\Component\\Console\\Application->doRunCommand(Object(Illuminate\\Database\\Console\\Seeds\\SeedCommand), Object(Symfony\\Component\\Console\\Input\\ArgvInput), Object(Symfony\\Component\\Console\\Output\\ConsoleOutput))
#22 /Users/adrian12/Documents/JS-PHP25-26/RECUPERACION/php/laravel/hospital/hospi/vendor/symfony/console/Application.php(195): Symfony\\Component\\Console\\Application->doRun(Object(Symfony\\Component\\Console\\Input\\ArgvInput), Object(Symfony\\Component\\Console\\Output\\ConsoleOutput))
#23 /Users/adrian12/Documents/JS-PHP25-26/RECUPERACION/php/laravel/hospital/hospi/vendor/laravel/framework/src/Illuminate/Foundation/Console/Kernel.php(198): Symfony\\Component\\Console\\Application->run(Object(Symfony\\Component\\Console\\Input\\ArgvInput), Object(Symfony\\Component\\Console\\Output\\ConsoleOutput))
#24 /Users/adrian12/Documents/JS-PHP25-26/RECUPERACION/php/laravel/hospital/hospi/vendor/laravel/framework/src/Illuminate/Foundation/Application.php(1235): Illuminate\\Foundation\\Console\\Kernel->handle(Object(Symfony\\Component\\Console\\Input\\ArgvInput), Object(Symfony\\Component\\Console\\Output\\ConsoleOutput))
#25 /Users/adrian12/Documents/JS-PHP25-26/RECUPERACION/php/laravel/hospital/hospi/artisan(16): Illuminate\\Foundation\\Application->handleCommand(Object(Symfony\\Component\\Console\\Input\\ArgvInput))
#26 {main}
"} 
[2026-02-20 13:44:52] local.ERROR: SQLSTATE[23000]: Integrity constraint violation: 1062 Duplicate entry 'test@example.com' for key 'users_email_unique' (Connection: mysql, Host: 127.0.0.1, Port: 3306, Database: prueba_hospital, SQL: insert into `users` (`name`, `email`, `email_verified_at`, `password`, `remember_token`, `updated_at`, `created_at`) values (Test User, test@example.com, 2026-02-20 13:44:52, $2y$12$gGlt2zeBXgD3t.UnnZGAouHdn/0Qneytnl2odEFaKcJkYOG/qzYMy, ix9JwUg8e9, 2026-02-20 13:44:52, 2026-02-20 13:44:52)) {"exception":"[object] (Illuminate\\Database\\UniqueConstraintViolationException(code: 23000): SQLSTATE[23000]: Integrity constraint violation: 1062 Duplicate entry 'test@example.com' for key 'users_email_unique' (Connection: mysql, Host: 127.0.0.1, Port: 3306, Database: prueba_hospital, SQL: insert into `users` (`name`, `email`, `email_verified_at`, `password`, `remember_token`, `updated_at`, `created_at`) values (Test User, test@example.com, 2026-02-20 13:44:52, $2y$12$gGlt2zeBXgD3t.UnnZGAouHdn/0Qneytnl2odEFaKcJkYOG/qzYMy, ix9JwUg8e9, 2026-02-20 13:44:52, 2026-02-20 13:44:52)) at /Users/adrian12/Documents/JS-PHP25-26/RECUPERACION/php/laravel/hospital/hospi/vendor/laravel/framework/src/Illuminate/Database/Connection.php:838)
[stacktrace]
#0 /Users/adrian12/Documents/JS-PHP25-26/RECUPERACION/php/laravel/hospital/hospi/vendor/laravel/framework/src/Illuminate/Database/Connection.php(794): Illuminate\\Database\\Connection->runQueryCallback('insert into `us...', Array, Object(Closure))
#1 /Users/adrian12/Documents/JS-PHP25-26/RECUPERACION/php/laravel/hospital/hospi/vendor/laravel/framework/src/Illuminate/Database/MySqlConnection.php(42): Illuminate\\Database\\Connection->run('insert into `us...', Array, Object(Closure))
#2 /Users/adrian12/Documents/JS-PHP25-26/RECUPERACION/php/laravel/hospital/hospi/vendor/laravel/framework/src/Illuminate/Database/Query/Processors/MySqlProcessor.php(35): Illuminate\\Database\\MySqlConnection->insert('insert into `us...', Array, 'id')
#3 /Users/adrian12/Documents/JS-PHP25-26/RECUPERACION/php/laravel/hospital/hospi/vendor/laravel/framework/src/Illuminate/Database/Query/Builder.php(4103): Illuminate\\Database\\Query\\Processors\\MySqlProcessor->processInsertGetId(Object(Illuminate\\Database\\Query\\Builder), 'insert into `us...', Array, 'id')
#4 /Users/adrian12/Documents/JS-PHP25-26/RECUPERACION/php/laravel/hospital/hospi/vendor/laravel/framework/src/Illuminate/Database/Eloquent/Builder.php(2235): Illuminate\\Database\\Query\\Builder->insertGetId(Array, 'id')
#5 /Users/adrian12/Documents/JS-PHP25-26/RECUPERACION/php/laravel/hospital/hospi/vendor/laravel/framework/src/Illuminate/Database/Eloquent/Model.php(1436): Illuminate\\Database\\Eloquent\\Builder->__call('insertGetId', Array)
#6 /Users/adrian12/Documents/JS-PHP25-26/RECUPERACION/php/laravel/hospital/hospi/vendor/laravel/framework/src/Illuminate/Database/Eloquent/Model.php(1401): Illuminate\\Database\\Eloquent\\Model->insertAndSetId(Object(Illuminate\\Database\\Eloquent\\Builder), Array)
#7 /Users/adrian12/Documents/JS-PHP25-26/RECUPERACION/php/laravel/hospital/hospi/vendor/laravel/framework/src/Illuminate/Database/Eloquent/Model.php(1240): Illuminate\\Database\\Eloquent\\Model->performInsert(Object(Illuminate\\Database\\Eloquent\\Builder))
#8 /Users/adrian12/Documents/JS-PHP25-26/RECUPERACION/php/laravel/hospital/hospi/vendor/laravel/framework/src/Illuminate/Database/Eloquent/Factories/Factory.php(370): Illuminate\\Database\\Eloquent\\Model->save()
#9 /Users/adrian12/Documents/JS-PHP25-26/RECUPERACION/php/laravel/hospital/hospi/vendor/laravel/framework/src/Illuminate/Collections/Traits/EnumeratesValues.php(275): Illuminate\\Database\\Eloquent\\Factories\\Factory->Illuminate\\Database\\Eloquent\\Factories\\{closure}(Object(App\\Models\\User), 0)
#10 /Users/adrian12/Documents/JS-PHP25-26/RECUPERACION/php/laravel/hospital/hospi/vendor/laravel/framework/src/Illuminate/Database/Eloquent/Factories/Factory.php(365): Illuminate\\Support\\Collection->each(Object(Closure))
#11 /Users/adrian12/Documents/JS-PHP25-26/RECUPERACION/php/laravel/hospital/hospi/vendor/laravel/framework/src/Illuminate/Database/Eloquent/Factories/Factory.php(321): Illuminate\\Database\\Eloquent\\Factories\\Factory->store(Object(Illuminate\\Support\\Collection))
#12 /Users/adrian12/Documents/JS-PHP25-26/RECUPERACION/php/laravel/hospital/hospi/vendor/laravel/framework/src/Illuminate/Database/Eloquent/Factories/Factory.php(315): Illuminate\\Database\\Eloquent\\Factories\\Factory->create(Array, NULL)
#13 /Users/adrian12/Documents/JS-PHP25-26/RECUPERACION/php/laravel/hospital/hospi/database/seeders/DatabaseSeeder.php(22): Illuminate\\Database\\Eloquent\\Factories\\Factory->create(Array)
#14 /Users/adrian12/Documents/JS-PHP25-26/RECUPERACION/php/laravel/hospital/hospi/vendor/laravel/framework/src/Illuminate/Container/BoundMethod.php(36): Database\\Seeders\\DatabaseSeeder->run()
#15 /Users/adrian12/Documents/JS-PHP25-26/RECUPERACION/php/laravel/hospital/hospi/vendor/laravel/framework/src/Illuminate/Container/Util.php(43): Illuminate\\Container\\BoundMethod::Illuminate\\Container\\{closure}()
#16 /Users/adrian12/Documents/JS-PHP25-26/RECUPERACION/php/laravel/hospital/hospi/vendor/laravel/framework/src/Illuminate/Container/BoundMethod.php(96): Illuminate\\Container\\Util::unwrapIfClosure(Object(Closure))
#17 /Users/adrian12/Documents/JS-PHP25-26/RECUPERACION/php/laravel/hospital/hospi/vendor/laravel/framework/src/Illuminate/Container/BoundMethod.php(35): Illuminate\\Container\\BoundMethod::callBoundMethod(Object(Illuminate\\Foundation\\Application), Array, Object(Closure))
#18 /Users/adrian12/Documents/JS-PHP25-26/RECUPERACION/php/laravel/hospital/hospi/vendor/laravel/framework/src/Illuminate/Container/Container.php(799): Illuminate\\Container\\BoundMethod::call(Object(Illuminate\\Foundation\\Application), Array, Array, NULL)
#19 /Users/adrian12/Documents/JS-PHP25-26/RECUPERACION/php/laravel/hospital/hospi/vendor/laravel/framework/src/Illuminate/Database/Seeder.php(184): Illuminate\\Container\\Container->call(Array, Array)
#20 /Users/adrian12/Documents/JS-PHP25-26/RECUPERACION/php/laravel/hospital/hospi/vendor/laravel/framework/src/Illuminate/Database/Eloquent/Concerns/HasEvents.php(454): Illuminate\\Database\\Seeder->Illuminate\\Database\\{closure}()
#21 /Users/adrian12/Documents/JS-PHP25-26/RECUPERACION/php/laravel/hospital/hospi/vendor/laravel/framework/src/Illuminate/Database/Console/Seeds/WithoutModelEvents.php(17): Illuminate\\Database\\Eloquent\\Model::withoutEvents(Object(Closure))
#22 /Users/adrian12/Documents/JS-PHP25-26/RECUPERACION/php/laravel/hospital/hospi/vendor/laravel/framework/src/Illuminate/Database/Seeder.php(193): Database\\Seeders\\DatabaseSeeder->Illuminate\\Database\\Console\\Seeds\\{closure}()
#23 /Users/adrian12/Documents/JS-PHP25-26/RECUPERACION/php/laravel/hospital/hospi/vendor/laravel/framework/src/Illuminate/Database/Console/Seeds/SeedCommand.php(71): Illuminate\\Database\\Seeder->__invoke()
#24 /Users/adrian12/Documents/JS-PHP25-26/RECUPERACION/php/laravel/hospital/hospi/vendor/laravel/framework/src/Illuminate/Database/Eloquent/Concerns/GuardsAttributes.php(157): Illuminate\\Database\\Console\\Seeds\\SeedCommand->Illuminate\\Database\\Console\\Seeds\\{closure}()
#25 /Users/adrian12/Documents/JS-PHP25-26/RECUPERACION/php/laravel/hospital/hospi/vendor/laravel/framework/src/Illuminate/Database/Console/Seeds/SeedCommand.php(70): Illuminate\\Database\\Eloquent\\Model::unguarded(Object(Closure))
#26 /Users/adrian12/Documents/JS-PHP25-26/RECUPERACION/php/laravel/hospital/hospi/vendor/laravel/framework/src/Illuminate/Container/BoundMethod.php(36): Illuminate\\Database\\Console\\Seeds\\SeedCommand->handle()
#27 /Users/adrian12/Documents/JS-PHP25-26/RECUPERACION/php/laravel/hospital/hospi/vendor/laravel/framework/src/Illuminate/Container/Util.php(43): Illuminate\\Container\\BoundMethod::Illuminate\\Container\\{closure}()
#28 /Users/adrian12/Documents/JS-PHP25-26/RECUPERACION/php/laravel/hospital/hospi/vendor/laravel/framework/src/Illuminate/Container/BoundMethod.php(96): Illuminate\\Container\\Util::unwrapIfClosure(Object(Closure))
#29 /Users/adrian12/Documents/JS-PHP25-26/RECUPERACION/php/laravel/hospital/hospi/vendor/laravel/framework/src/Illuminate/Container/BoundMethod.php(35): Illuminate\\Container\\BoundMethod::callBoundMethod(Object(Illuminate\\Foundation\\Application), Array, Object(Closure))
#30 /Users/adrian12/Documents/JS-PHP25-26/RECUPERACION/php/laravel/hospital/hospi/vendor/laravel/framework/src/Illuminate/Container/Container.php(799): Illuminate\\Container\\BoundMethod::call(Object(Illuminate\\Foundation\\Application), Array, Array, NULL)
#31 /Users/adrian12/Documents/JS-PHP25-26/RECUPERACION/php/laravel/hospital/hospi/vendor/laravel/framework/src/Illuminate/Console/Command.php(211): Illuminate\\Container\\Container->call(Array)
#32 /Users/adrian12/Documents/JS-PHP25-26/RECUPERACION/php/laravel/hospital/hospi/vendor/symfony/console/Command/Command.php(341): Illuminate\\Console\\Command->execute(Object(Symfony\\Component\\Console\\Input\\ArgvInput), Object(Illuminate\\Console\\OutputStyle))
#33 /Users/adrian12/Documents/JS-PHP25-26/RECUPERACION/php/laravel/hospital/hospi/vendor/laravel/framework/src/Illuminate/Console/Command.php(180): Symfony\\Component\\Console\\Command\\Command->run(Object(Symfony\\Component\\Console\\Input\\ArgvInput), Object(Illuminate\\Console\\OutputStyle))
#34 /Users/adrian12/Documents/JS-PHP25-26/RECUPERACION/php/laravel/hospital/hospi/vendor/symfony/console/Application.php(1102): Illuminate\\Console\\Command->run(Object(Symfony\\Component\\Console\\Input\\ArgvInput), Object(Symfony\\Component\\Console\\Output\\ConsoleOutput))
#35 /Users/adrian12/Documents/JS-PHP25-26/RECUPERACION/php/laravel/hospital/hospi/vendor/symfony/console/Application.php(356): Symfony\\Component\\Console\\Application->doRunCommand(Object(Illuminate\\Database\\Console\\Seeds\\SeedCommand), Object(Symfony\\Component\\Console\\Input\\ArgvInput), Object(Symfony\\Component\\Console\\Output\\ConsoleOutput))
#36 /Users/adrian12/Documents/JS-PHP25-26/RECUPERACION/php/laravel/hospital/hospi/vendor/symfony/console/Application.php(195): Symfony\\Component\\Console\\Application->doRun(Object(Symfony\\Component\\Console\\Input\\ArgvInput), Object(Symfony\\Component\\Console\\Output\\ConsoleOutput))
#37 /Users/adrian12/Documents/JS-PHP25-26/RECUPERACION/php/laravel/hospital/hospi/vendor/laravel/framework/src/Illuminate/Foundation/Console/Kernel.php(198): Symfony\\Component\\Console\\Application->run(Object(Symfony\\Component\\Console\\Input\\ArgvInput), Object(Symfony\\Component\\Console\\Output\\ConsoleOutput))
#38 /Users/adrian12/Documents/JS-PHP25-26/RECUPERACION/php/laravel/hospital/hospi/vendor/laravel/framework/src/Illuminate/Foundation/Application.php(1235): Illuminate\\Foundation\\Console\\Kernel->handle(Object(Symfony\\Component\\Console\\Input\\ArgvInput), Object(Symfony\\Component\\Console\\Output\\ConsoleOutput))
#39 /Users/adrian12/Documents/JS-PHP25-26/RECUPERACION/php/laravel/hospital/hospi/artisan(16): Illuminate\\Foundation\\Application->handleCommand(Object(Symfony\\Component\\Console\\Input\\ArgvInput))
#40 {main}

[previous exception] [object] (PDOException(code: 23000): SQLSTATE[23000]: Integrity constraint violation: 1062 Duplicate entry 'test@example.com' for key 'users_email_unique' at /Users/adrian12/Documents/JS-PHP25-26/RECUPERACION/php/laravel/hospital/hospi/vendor/laravel/framework/src/Illuminate/Database/MySqlConnection.php:53)
[stacktrace]
#0 /Users/adrian12/Documents/JS-PHP25-26/RECUPERACION/php/laravel/hospital/hospi/vendor/laravel/framework/src/Illuminate/Database/MySqlConnection.php(53): PDOStatement->execute()
#1 /Users/adrian12/Documents/JS-PHP25-26/RECUPERACION/php/laravel/hospital/hospi/vendor/laravel/framework/src/Illuminate/Database/Connection.php(827): Illuminate\\Database\\MySqlConnection->Illuminate\\Database\\{closure}('insert into `us...', Array)
#2 /Users/adrian12/Documents/JS-PHP25-26/RECUPERACION/php/laravel/hospital/hospi/vendor/laravel/framework/src/Illuminate/Database/Connection.php(794): Illuminate\\Database\\Connection->runQueryCallback('insert into `us...', Array, Object(Closure))
#3 /Users/adrian12/Documents/JS-PHP25-26/RECUPERACION/php/laravel/hospital/hospi/vendor/laravel/framework/src/Illuminate/Database/MySqlConnection.php(42): Illuminate\\Database\\Connection->run('insert into `us...', Array, Object(Closure))
#4 /Users/adrian12/Documents/JS-PHP25-26/RECUPERACION/php/laravel/hospital/hospi/vendor/laravel/framework/src/Illuminate/Database/Query/Processors/MySqlProcessor.php(35): Illuminate\\Database\\MySqlConnection->insert('insert into `us...', Array, 'id')
#5 /Users/adrian12/Documents/JS-PHP25-26/RECUPERACION/php/laravel/hospital/hospi/vendor/laravel/framework/src/Illuminate/Database/Query/Builder.php(4103): Illuminate\\Database\\Query\\Processors\\MySqlProcessor->processInsertGetId(Object(Illuminate\\Database\\Query\\Builder), 'insert into `us...', Array, 'id')
#6 /Users/adrian12/Documents/JS-PHP25-26/RECUPERACION/php/laravel/hospital/hospi/vendor/laravel/framework/src/Illuminate/Database/Eloquent/Builder.php(2235): Illuminate\\Database\\Query\\Builder->insertGetId(Array, 'id')
#7 /Users/adrian12/Documents/JS-PHP25-26/RECUPERACION/php/laravel/hospital/hospi/vendor/laravel/framework/src/Illuminate/Database/Eloquent/Model.php(1436): Illuminate\\Database\\Eloquent\\Builder->__call('insertGetId', Array)
#8 /Users/adrian12/Documents/JS-PHP25-26/RECUPERACION/php/laravel/hospital/hospi/vendor/laravel/framework/src/Illuminate/Database/Eloquent/Model.php(1401): Illuminate\\Database\\Eloquent\\Model->insertAndSetId(Object(Illuminate\\Database\\Eloquent\\Builder), Array)
#9 /Users/adrian12/Documents/JS-PHP25-26/RECUPERACION/php/laravel/hospital/hospi/vendor/laravel/framework/src/Illuminate/Database/Eloquent/Model.php(1240): Illuminate\\Database\\Eloquent\\Model->performInsert(Object(Illuminate\\Database\\Eloquent\\Builder))
#10 /Users/adrian12/Documents/JS-PHP25-26/RECUPERACION/php/laravel/hospital/hospi/vendor/laravel/framework/src/Illuminate/Database/Eloquent/Factories/Factory.php(370): Illuminate\\Database\\Eloquent\\Model->save()
#11 /Users/adrian12/Documents/JS-PHP25-26/RECUPERACION/php/laravel/hospital/hospi/vendor/laravel/framework/src/Illuminate/Collections/Traits/EnumeratesValues.php(275): Illuminate\\Database\\Eloquent\\Factories\\Factory->Illuminate\\Database\\Eloquent\\Factories\\{closure}(Object(App\\Models\\User), 0)
#12 /Users/adrian12/Documents/JS-PHP25-26/RECUPERACION/php/laravel/hospital/hospi/vendor/laravel/framework/src/Illuminate/Database/Eloquent/Factories/Factory.php(365): Illuminate\\Support\\Collection->each(Object(Closure))
#13 /Users/adrian12/Documents/JS-PHP25-26/RECUPERACION/php/laravel/hospital/hospi/vendor/laravel/framework/src/Illuminate/Database/Eloquent/Factories/Factory.php(321): Illuminate\\Database\\Eloquent\\Factories\\Factory->store(Object(Illuminate\\Support\\Collection))
#14 /Users/adrian12/Documents/JS-PHP25-26/RECUPERACION/php/laravel/hospital/hospi/vendor/laravel/framework/src/Illuminate/Database/Eloquent/Factories/Factory.php(315): Illuminate\\Database\\Eloquent\\Factories\\Factory->create(Array, NULL)
#15 /Users/adrian12/Documents/JS-PHP25-26/RECUPERACION/php/laravel/hospital/hospi/database/seeders/DatabaseSeeder.php(22): Illuminate\\Database\\Eloquent\\Factories\\Factory->create(Array)
#16 /Users/adrian12/Documents/JS-PHP25-26/RECUPERACION/php/laravel/hospital/hospi/vendor/laravel/framework/src/Illuminate/Container/BoundMethod.php(36): Database\\Seeders\\DatabaseSeeder->run()
#17 /Users/adrian12/Documents/JS-PHP25-26/RECUPERACION/php/laravel/hospital/hospi/vendor/laravel/framework/src/Illuminate/Container/Util.php(43): Illuminate\\Container\\BoundMethod::Illuminate\\Container\\{closure}()
#18 /Users/adrian12/Documents/JS-PHP25-26/RECUPERACION/php/laravel/hospital/hospi/vendor/laravel/framework/src/Illuminate/Container/BoundMethod.php(96): Illuminate\\Container\\Util::unwrapIfClosure(Object(Closure))
#19 /Users/adrian12/Documents/JS-PHP25-26/RECUPERACION/php/laravel/hospital/hospi/vendor/laravel/framework/src/Illuminate/Container/BoundMethod.php(35): Illuminate\\Container\\BoundMethod::callBoundMethod(Object(Illuminate\\Foundation\\Application), Array, Object(Closure))
#20 /Users/adrian12/Documents/JS-PHP25-26/RECUPERACION/php/laravel/hospital/hospi/vendor/laravel/framework/src/Illuminate/Container/Container.php(799): Illuminate\\Container\\BoundMethod::call(Object(Illuminate\\Foundation\\Application), Array, Array, NULL)
#21 /Users/adrian12/Documents/JS-PHP25-26/RECUPERACION/php/laravel/hospital/hospi/vendor/laravel/framework/src/Illuminate/Database/Seeder.php(184): Illuminate\\Container\\Container->call(Array, Array)
#22 /Users/adrian12/Documents/JS-PHP25-26/RECUPERACION/php/laravel/hospital/hospi/vendor/laravel/framework/src/Illuminate/Database/Eloquent/Concerns/HasEvents.php(454): Illuminate\\Database\\Seeder->Illuminate\\Database\\{closure}()
#23 /Users/adrian12/Documents/JS-PHP25-26/RECUPERACION/php/laravel/hospital/hospi/vendor/laravel/framework/src/Illuminate/Database/Console/Seeds/WithoutModelEvents.php(17): Illuminate\\Database\\Eloquent\\Model::withoutEvents(Object(Closure))
#24 /Users/adrian12/Documents/JS-PHP25-26/RECUPERACION/php/laravel/hospital/hospi/vendor/laravel/framework/src/Illuminate/Database/Seeder.php(193): Database\\Seeders\\DatabaseSeeder->Illuminate\\Database\\Console\\Seeds\\{closure}()
#25 /Users/adrian12/Documents/JS-PHP25-26/RECUPERACION/php/laravel/hospital/hospi/vendor/laravel/framework/src/Illuminate/Database/Console/Seeds/SeedCommand.php(71): Illuminate\\Database\\Seeder->__invoke()
#26 /Users/adrian12/Documents/JS-PHP25-26/RECUPERACION/php/laravel/hospital/hospi/vendor/laravel/framework/src/Illuminate/Database/Eloquent/Concerns/GuardsAttributes.php(157): Illuminate\\Database\\Console\\Seeds\\SeedCommand->Illuminate\\Database\\Console\\Seeds\\{closure}()
#27 /Users/adrian12/Documents/JS-PHP25-26/RECUPERACION/php/laravel/hospital/hospi/vendor/laravel/framework/src/Illuminate/Database/Console/Seeds/SeedCommand.php(70): Illuminate\\Database\\Eloquent\\Model::unguarded(Object(Closure))
#28 /Users/adrian12/Documents/JS-PHP25-26/RECUPERACION/php/laravel/hospital/hospi/vendor/laravel/framework/src/Illuminate/Container/BoundMethod.php(36): Illuminate\\Database\\Console\\Seeds\\SeedCommand->handle()
#29 /Users/adrian12/Documents/JS-PHP25-26/RECUPERACION/php/laravel/hospital/hospi/vendor/laravel/framework/src/Illuminate/Container/Util.php(43): Illuminate\\Container\\BoundMethod::Illuminate\\Container\\{closure}()
#30 /Users/adrian12/Documents/JS-PHP25-26/RECUPERACION/php/laravel/hospital/hospi/vendor/laravel/framework/src/Illuminate/Container/BoundMethod.php(96): Illuminate\\Container\\Util::unwrapIfClosure(Object(Closure))
#31 /Users/adrian12/Documents/JS-PHP25-26/RECUPERACION/php/laravel/hospital/hospi/vendor/laravel/framework/src/Illuminate/Container/BoundMethod.php(35): Illuminate\\Container\\BoundMethod::callBoundMethod(Object(Illuminate\\Foundation\\Application), Array, Object(Closure))
#32 /Users/adrian12/Documents/JS-PHP25-26/RECUPERACION/php/laravel/hospital/hospi/vendor/laravel/framework/src/Illuminate/Container/Container.php(799): Illuminate\\Container\\BoundMethod::call(Object(Illuminate\\Foundation\\Application), Array, Array, NULL)
#33 /Users/adrian12/Documents/JS-PHP25-26/RECUPERACION/php/laravel/hospital/hospi/vendor/laravel/framework/src/Illuminate/Console/Command.php(211): Illuminate\\Container\\Container->call(Array)
#34 /Users/adrian12/Documents/JS-PHP25-26/RECUPERACION/php/laravel/hospital/hospi/vendor/symfony/console/Command/Command.php(341): Illuminate\\Console\\Command->execute(Object(Symfony\\Component\\Console\\Input\\ArgvInput), Object(Illuminate\\Console\\OutputStyle))
#35 /Users/adrian12/Documents/JS-PHP25-26/RECUPERACION/php/laravel/hospital/hospi/vendor/laravel/framework/src/Illuminate/Console/Command.php(180): Symfony\\Component\\Console\\Command\\Command->run(Object(Symfony\\Component\\Console\\Input\\ArgvInput), Object(Illuminate\\Console\\OutputStyle))
#36 /Users/adrian12/Documents/JS-PHP25-26/RECUPERACION/php/laravel/hospital/hospi/vendor/symfony/console/Application.php(1102): Illuminate\\Console\\Command->run(Object(Symfony\\Component\\Console\\Input\\ArgvInput), Object(Symfony\\Component\\Console\\Output\\ConsoleOutput))
#37 /Users/adrian12/Documents/JS-PHP25-26/RECUPERACION/php/laravel/hospital/hospi/vendor/symfony/console/Application.php(356): Symfony\\Component\\Console\\Application->doRunCommand(Object(Illuminate\\Database\\Console\\Seeds\\SeedCommand), Object(Symfony\\Component\\Console\\Input\\ArgvInput), Object(Symfony\\Component\\Console\\Output\\ConsoleOutput))
#38 /Users/adrian12/Documents/JS-PHP25-26/RECUPERACION/php/laravel/hospital/hospi/vendor/symfony/console/Application.php(195): Symfony\\Component\\Console\\Application->doRun(Object(Symfony\\Component\\Console\\Input\\ArgvInput), Object(Symfony\\Component\\Console\\Output\\ConsoleOutput))
#39 /Users/adrian12/Documents/JS-PHP25-26/RECUPERACION/php/laravel/hospital/hospi/vendor/laravel/framework/src/Illuminate/Foundation/Console/Kernel.php(198): Symfony\\Component\\Console\\Application->run(Object(Symfony\\Component\\Console\\Input\\ArgvInput), Object(Symfony\\Component\\Console\\Output\\ConsoleOutput))
#40 /Users/adrian12/Documents/JS-PHP25-26/RECUPERACION/php/laravel/hospital/hospi/vendor/laravel/framework/src/Illuminate/Foundation/Application.php(1235): Illuminate\\Foundation\\Console\\Kernel->handle(Object(Symfony\\Component\\Console\\Input\\ArgvInput), Object(Symfony\\Component\\Console\\Output\\ConsoleOutput))
#41 /Users/adrian12/Documents/JS-PHP25-26/RECUPERACION/php/laravel/hospital/hospi/artisan(16): Illuminate\\Foundation\\Application->handleCommand(Object(Symfony\\Component\\Console\\Input\\ArgvInput))
#42 {main}
"} 
