[2026-02-09 09:23:16] local.ERROR: The "--apiresource" option does not exist. {"exception":"[object] (Symfony\\Component\\Console\\Exception\\RuntimeException(code: 0): The \"--apiresource\" option does not exist. at /Users/adrian12/Documents/JS-PHP25-26/PHP/examen 5ULTIMO/PARTE2/ejemploApi/apis/vendor/symfony/console/Input/ArgvInput.php:226)
[stacktrace]
#0 /Users/adrian12/Documents/JS-PHP25-26/PHP/examen 5ULTIMO/PARTE2/ejemploApi/apis/vendor/symfony/console/Input/ArgvInput.php(155): Symfony\\Component\\Console\\Input\\ArgvInput->addLongOption('apiresource', NULL)
#1 /Users/adrian12/Documents/JS-PHP25-26/PHP/examen 5ULTIMO/PARTE2/ejemploApi/apis/vendor/symfony/console/Input/ArgvInput.php(88): Symfony\\Component\\Console\\Input\\ArgvInput->parseLongOption('--apiresource')
#2 /Users/adrian12/Documents/JS-PHP25-26/PHP/examen 5ULTIMO/PARTE2/ejemploApi/apis/vendor/symfony/console/Input/ArgvInput.php(77): Symfony\\Component\\Console\\Input\\ArgvInput->parseToken('--apiresource', true)
#3 /Users/adrian12/Documents/JS-PHP25-26/PHP/examen 5ULTIMO/PARTE2/ejemploApi/apis/vendor/symfony/console/Input/Input.php(53): Symfony\\Component\\Console\\Input\\ArgvInput->parse()
#4 /Users/adrian12/Documents/JS-PHP25-26/PHP/examen 5ULTIMO/PARTE2/ejemploApi/apis/vendor/symfony/console/Command/Command.php(295): Symfony\\Component\\Console\\Input\\Input->bind(Object(Symfony\\Component\\Console\\Input\\InputDefinition))
#5 /Users/adrian12/Documents/JS-PHP25-26/PHP/examen 5ULTIMO/PARTE2/ejemploApi/apis/vendor/laravel/framework/src/Illuminate/Console/Command.php(180): Symfony\\Component\\Console\\Command\\Command->run(Object(Symfony\\Component\\Console\\Input\\ArgvInput), Object(Illuminate\\Console\\OutputStyle))
#6 /Users/adrian12/Documents/JS-PHP25-26/PHP/examen 5ULTIMO/PARTE2/ejemploApi/apis/vendor/symfony/console/Application.php(1102): Illuminate\\Console\\Command->run(Object(Symfony\\Component\\Console\\Input\\ArgvInput), Object(Symfony\\Component\\Console\\Output\\ConsoleOutput))
#7 /Users/adrian12/Documents/JS-PHP25-26/PHP/examen 5ULTIMO/PARTE2/ejemploApi/apis/vendor/symfony/console/Application.php(356): Symfony\\Component\\Console\\Application->doRunCommand(Object(Illuminate\\Routing\\Console\\ControllerMakeCommand), Object(Symfony\\Component\\Console\\Input\\ArgvInput), Object(Symfony\\Component\\Console\\Output\\ConsoleOutput))
#8 /Users/adrian12/Documents/JS-PHP25-26/PHP/examen 5ULTIMO/PARTE2/ejemploApi/apis/vendor/symfony/console/Application.php(195): Symfony\\Component\\Console\\Application->doRun(Object(Symfony\\Component\\Console\\Input\\ArgvInput), Object(Symfony\\Component\\Console\\Output\\ConsoleOutput))
#9 /Users/adrian12/Documents/JS-PHP25-26/PHP/examen 5ULTIMO/PARTE2/ejemploApi/apis/vendor/laravel/framework/src/Illuminate/Foundation/Console/Kernel.php(198): Symfony\\Component\\Console\\Application->run(Object(Symfony\\Component\\Console\\Input\\ArgvInput), Object(Symfony\\Component\\Console\\Output\\ConsoleOutput))
#10 /Users/adrian12/Documents/JS-PHP25-26/PHP/examen 5ULTIMO/PARTE2/ejemploApi/apis/vendor/laravel/framework/src/Illuminate/Foundation/Application.php(1235): Illuminate\\Foundation\\Console\\Kernel->handle(Object(Symfony\\Component\\Console\\Input\\ArgvInput), Object(Symfony\\Component\\Console\\Output\\ConsoleOutput))
#11 /Users/adrian12/Documents/JS-PHP25-26/PHP/examen 5ULTIMO/PARTE2/ejemploApi/apis/artisan(16): Illuminate\\Foundation\\Application->handleCommand(Object(Symfony\\Component\\Console\\Input\\ArgvInput))
#12 {main}
"} 
[2026-02-09 09:23:25] local.ERROR: The "--apiResource" option does not exist. {"exception":"[object] (Symfony\\Component\\Console\\Exception\\RuntimeException(code: 0): The \"--apiResource\" option does not exist. at /Users/adrian12/Documents/JS-PHP25-26/PHP/examen 5ULTIMO/PARTE2/ejemploApi/apis/vendor/symfony/console/Input/ArgvInput.php:226)
[stacktrace]
#0 /Users/adrian12/Documents/JS-PHP25-26/PHP/examen 5ULTIMO/PARTE2/ejemploApi/apis/vendor/symfony/console/Input/ArgvInput.php(155): Symfony\\Component\\Console\\Input\\ArgvInput->addLongOption('apiResource', NULL)
#1 /Users/adrian12/Documents/JS-PHP25-26/PHP/examen 5ULTIMO/PARTE2/ejemploApi/apis/vendor/symfony/console/Input/ArgvInput.php(88): Symfony\\Component\\Console\\Input\\ArgvInput->parseLongOption('--apiResource')
#2 /Users/adrian12/Documents/JS-PHP25-26/PHP/examen 5ULTIMO/PARTE2/ejemploApi/apis/vendor/symfony/console/Input/ArgvInput.php(77): Symfony\\Component\\Console\\Input\\ArgvInput->parseToken('--apiResource', true)
#3 /Users/adrian12/Documents/JS-PHP25-26/PHP/examen 5ULTIMO/PARTE2/ejemploApi/apis/vendor/symfony/console/Input/Input.php(53): Symfony\\Component\\Console\\Input\\ArgvInput->parse()
#4 /Users/adrian12/Documents/JS-PHP25-26/PHP/examen 5ULTIMO/PARTE2/ejemploApi/apis/vendor/symfony/console/Command/Command.php(295): Symfony\\Component\\Console\\Input\\Input->bind(Object(Symfony\\Component\\Console\\Input\\InputDefinition))
#5 /Users/adrian12/Documents/JS-PHP25-26/PHP/examen 5ULTIMO/PARTE2/ejemploApi/apis/vendor/laravel/framework/src/Illuminate/Console/Command.php(180): Symfony\\Component\\Console\\Command\\Command->run(Object(Symfony\\Component\\Console\\Input\\ArgvInput), Object(Illuminate\\Console\\OutputStyle))
#6 /Users/adrian12/Documents/JS-PHP25-26/PHP/examen 5ULTIMO/PARTE2/ejemploApi/apis/vendor/symfony/console/Application.php(1102): Illuminate\\Console\\Command->run(Object(Symfony\\Component\\Console\\Input\\ArgvInput), Object(Symfony\\Component\\Console\\Output\\ConsoleOutput))
#7 /Users/adrian12/Documents/JS-PHP25-26/PHP/examen 5ULTIMO/PARTE2/ejemploApi/apis/vendor/symfony/console/Application.php(356): Symfony\\Component\\Console\\Application->doRunCommand(Object(Illuminate\\Routing\\Console\\ControllerMakeCommand), Object(Symfony\\Component\\Console\\Input\\ArgvInput), Object(Symfony\\Component\\Console\\Output\\ConsoleOutput))
#8 /Users/adrian12/Documents/JS-PHP25-26/PHP/examen 5ULTIMO/PARTE2/ejemploApi/apis/vendor/symfony/console/Application.php(195): Symfony\\Component\\Console\\Application->doRun(Object(Symfony\\Component\\Console\\Input\\ArgvInput), Object(Symfony\\Component\\Console\\Output\\ConsoleOutput))
#9 /Users/adrian12/Documents/JS-PHP25-26/PHP/examen 5ULTIMO/PARTE2/ejemploApi/apis/vendor/laravel/framework/src/Illuminate/Foundation/Console/Kernel.php(198): Symfony\\Component\\Console\\Application->run(Object(Symfony\\Component\\Console\\Input\\ArgvInput), Object(Symfony\\Component\\Console\\Output\\ConsoleOutput))
#10 /Users/adrian12/Documents/JS-PHP25-26/PHP/examen 5ULTIMO/PARTE2/ejemploApi/apis/vendor/laravel/framework/src/Illuminate/Foundation/Application.php(1235): Illuminate\\Foundation\\Console\\Kernel->handle(Object(Symfony\\Component\\Console\\Input\\ArgvInput), Object(Symfony\\Component\\Console\\Output\\ConsoleOutput))
#11 /Users/adrian12/Documents/JS-PHP25-26/PHP/examen 5ULTIMO/PARTE2/ejemploApi/apis/artisan(16): Illuminate\\Foundation\\Application->handleCommand(Object(Symfony\\Component\\Console\\Input\\ArgvInput))
#12 {main}
"} 
[2026-02-09 09:46:32] local.ERROR: Target class [NoteController] does not exist. {"exception":"[object] (Illuminate\\Contracts\\Container\\BindingResolutionException(code: 0): Target class [NoteController] does not exist. at /Users/adrian12/Documents/JS-PHP25-26/PHP/examen 5ULTIMO/PARTE2/ejemploApi/apis/vendor/laravel/framework/src/Illuminate/Container/Container.php:1124)
[stacktrace]
#0 /Users/adrian12/Documents/JS-PHP25-26/PHP/examen 5ULTIMO/PARTE2/ejemploApi/apis/vendor/laravel/framework/src/Illuminate/Container/Container.php(933): Illuminate\\Container\\Container->build('NoteController')
#1 /Users/adrian12/Documents/JS-PHP25-26/PHP/examen 5ULTIMO/PARTE2/ejemploApi/apis/vendor/laravel/framework/src/Illuminate/Foundation/Application.php(1078): Illuminate\\Container\\Container->resolve('NoteController', Array, true)
#2 /Users/adrian12/Documents/JS-PHP25-26/PHP/examen 5ULTIMO/PARTE2/ejemploApi/apis/vendor/laravel/framework/src/Illuminate/Container/Container.php(864): Illuminate\\Foundation\\Application->resolve('NoteController', Array)
#3 /Users/adrian12/Documents/JS-PHP25-26/PHP/examen 5ULTIMO/PARTE2/ejemploApi/apis/vendor/laravel/framework/src/Illuminate/Foundation/Application.php(1058): Illuminate\\Container\\Container->make('NoteController', Array)
#4 /Users/adrian12/Documents/JS-PHP25-26/PHP/examen 5ULTIMO/PARTE2/ejemploApi/apis/vendor/laravel/framework/src/Illuminate/Routing/Route.php(286): Illuminate\\Foundation\\Application->make('NoteController')
#5 /Users/adrian12/Documents/JS-PHP25-26/PHP/examen 5ULTIMO/PARTE2/ejemploApi/apis/vendor/laravel/framework/src/Illuminate/Routing/Route.php(266): Illuminate\\Routing\\Route->getController()
#6 /Users/adrian12/Documents/JS-PHP25-26/PHP/examen 5ULTIMO/PARTE2/ejemploApi/apis/vendor/laravel/framework/src/Illuminate/Routing/Route.php(211): Illuminate\\Routing\\Route->runController()
#7 /Users/adrian12/Documents/JS-PHP25-26/PHP/examen 5ULTIMO/PARTE2/ejemploApi/apis/vendor/laravel/framework/src/Illuminate/Routing/Router.php(822): Illuminate\\Routing\\Route->run()
#8 /Users/adrian12/Documents/JS-PHP25-26/PHP/examen 5ULTIMO/PARTE2/ejemploApi/apis/vendor/laravel/framework/src/Illuminate/Pipeline/Pipeline.php(180): Illuminate\\Routing\\Router->Illuminate\\Routing\\{closure}(Object(Illuminate\\Http\\Request))
#9 /Users/adrian12/Documents/JS-PHP25-26/PHP/examen 5ULTIMO/PARTE2/ejemploApi/apis/vendor/laravel/framework/src/Illuminate/Routing/Middleware/SubstituteBindings.php(50): Illuminate\\Pipeline\\Pipeline->Illuminate\\Pipeline\\{closure}(Object(Illuminate\\Http\\Request))
#10 /Users/adrian12/Documents/JS-PHP25-26/PHP/examen 5ULTIMO/PARTE2/ejemploApi/apis/vendor/laravel/framework/src/Illuminate/Pipeline/Pipeline.php(219): Illuminate\\Routing\\Middleware\\SubstituteBindings->handle(Object(Illuminate\\Http\\Request), Object(Closure))
#11 /Users/adrian12/Documents/JS-PHP25-26/PHP/examen 5ULTIMO/PARTE2/ejemploApi/apis/vendor/laravel/framework/src/Illuminate/Pipeline/Pipeline.php(137): Illuminate\\Pipeline\\Pipeline->Illuminate\\Pipeline\\{closure}(Object(Illuminate\\Http\\Request))
#12 /Users/adrian12/Documents/JS-PHP25-26/PHP/examen 5ULTIMO/PARTE2/ejemploApi/apis/vendor/laravel/framework/src/Illuminate/Routing/Router.php(821): Illuminate\\Pipeline\\Pipeline->then(Object(Closure))
#13 /Users/adrian12/Documents/JS-PHP25-26/PHP/examen 5ULTIMO/PARTE2/ejemploApi/apis/vendor/laravel/framework/src/Illuminate/Routing/Router.php(800): Illuminate\\Routing\\Router->runRouteWithinStack(Object(Illuminate\\Routing\\Route), Object(Illuminate\\Http\\Request))
#14 /Users/adrian12/Documents/JS-PHP25-26/PHP/examen 5ULTIMO/PARTE2/ejemploApi/apis/vendor/laravel/framework/src/Illuminate/Routing/Router.php(764): Illuminate\\Routing\\Router->runRoute(Object(Illuminate\\Http\\Request), Object(Illuminate\\Routing\\Route))
#15 /Users/adrian12/Documents/JS-PHP25-26/PHP/examen 5ULTIMO/PARTE2/ejemploApi/apis/vendor/laravel/framework/src/Illuminate/Routing/Router.php(753): Illuminate\\Routing\\Router->dispatchToRoute(Object(Illuminate\\Http\\Request))
#16 /Users/adrian12/Documents/JS-PHP25-26/PHP/examen 5ULTIMO/PARTE2/ejemploApi/apis/vendor/laravel/framework/src/Illuminate/Foundation/Http/Kernel.php(200): Illuminate\\Routing\\Router->dispatch(Object(Illuminate\\Http\\Request))
#17 /Users/adrian12/Documents/JS-PHP25-26/PHP/examen 5ULTIMO/PARTE2/ejemploApi/apis/vendor/laravel/framework/src/Illuminate/Pipeline/Pipeline.php(180): Illuminate\\Foundation\\Http\\Kernel->Illuminate\\Foundation\\Http\\{closure}(Object(Illuminate\\Http\\Request))
#18 /Users/adrian12/Documents/JS-PHP25-26/PHP/examen 5ULTIMO/PARTE2/ejemploApi/apis/vendor/laravel/framework/src/Illuminate/Foundation/Http/Middleware/TransformsRequest.php(21): Illuminate\\Pipeline\\Pipeline->Illuminate\\Pipeline\\{closure}(Object(Illuminate\\Http\\Request))
#19 /Users/adrian12/Documents/JS-PHP25-26/PHP/examen 5ULTIMO/PARTE2/ejemploApi/apis/vendor/laravel/framework/src/Illuminate/Foundation/Http/Middleware/ConvertEmptyStringsToNull.php(31): Illuminate\\Foundation\\Http\\Middleware\\TransformsRequest->handle(Object(Illuminate\\Http\\Request), Object(Closure))
#20 /Users/adrian12/Documents/JS-PHP25-26/PHP/examen 5ULTIMO/PARTE2/ejemploApi/apis/vendor/laravel/framework/src/Illuminate/Pipeline/Pipeline.php(219): Illuminate\\Foundation\\Http\\Middleware\\ConvertEmptyStringsToNull->handle(Object(Illuminate\\Http\\Request), Object(Closure))
#21 /Users/adrian12/Documents/JS-PHP25-26/PHP/examen 5ULTIMO/PARTE2/ejemploApi/apis/vendor/laravel/framework/src/Illuminate/Foundation/Http/Middleware/TransformsRequest.php(21): Illuminate\\Pipeline\\Pipeline->Illuminate\\Pipeline\\{closure}(Object(Illuminate\\Http\\Request))
#22 /Users/adrian12/Documents/JS-PHP25-26/PHP/examen 5ULTIMO/PARTE2/ejemploApi/apis/vendor/laravel/framework/src/Illuminate/Foundation/Http/Middleware/TrimStrings.php(51): Illuminate\\Foundation\\Http\\Middleware\\TransformsRequest->handle(Object(Illuminate\\Http\\Request), Object(Closure))
#23 /Users/adrian12/Documents/JS-PHP25-26/PHP/examen 5ULTIMO/PARTE2/ejemploApi/apis/vendor/laravel/framework/src/Illuminate/Pipeline/Pipeline.php(219): Illuminate\\Foundation\\Http\\Middleware\\TrimStrings->handle(Object(Illuminate\\Http\\Request), Object(Closure))
#24 /Users/adrian12/Documents/JS-PHP25-26/PHP/examen 5ULTIMO/PARTE2/ejemploApi/apis/vendor/laravel/framework/src/Illuminate/Http/Middleware/ValidatePostSize.php(27): Illuminate\\Pipeline\\Pipeline->Illuminate\\Pipeline\\{closure}(Object(Illuminate\\Http\\Request))
#25 /Users/adrian12/Documents/JS-PHP25-26/PHP/examen 5ULTIMO/PARTE2/ejemploApi/apis/vendor/laravel/framework/src/Illuminate/Pipeline/Pipeline.php(219): Illuminate\\Http\\Middleware\\ValidatePostSize->handle(Object(Illuminate\\Http\\Request), Object(Closure))
#26 /Users/adrian12/Documents/JS-PHP25-26/PHP/examen 5ULTIMO/PARTE2/ejemploApi/apis/vendor/laravel/framework/src/Illuminate/Foundation/Http/Middleware/PreventRequestsDuringMaintenance.php(109): Illuminate\\Pipeline\\Pipeline->Illuminate\\Pipeline\\{closure}(Object(Illuminate\\Http\\Request))
#27 /Users/adrian12/Documents/JS-PHP25-26/PHP/examen 5ULTIMO/PARTE2/ejemploApi/apis/vendor/laravel/framework/src/Illuminate/Pipeline/Pipeline.php(219): Illuminate\\Foundation\\Http\\Middleware\\PreventRequestsDuringMaintenance->handle(Object(Illuminate\\Http\\Request), Object(Closure))
#28 /Users/adrian12/Documents/JS-PHP25-26/PHP/examen 5ULTIMO/PARTE2/ejemploApi/apis/vendor/laravel/framework/src/Illuminate/Http/Middleware/HandleCors.php(74): Illuminate\\Pipeline\\Pipeline->Illuminate\\Pipeline\\{closure}(Object(Illuminate\\Http\\Request))
#29 /Users/adrian12/Documents/JS-PHP25-26/PHP/examen 5ULTIMO/PARTE2/ejemploApi/apis/vendor/laravel/framework/src/Illuminate/Pipeline/Pipeline.php(219): Illuminate\\Http\\Middleware\\HandleCors->handle(Object(Illuminate\\Http\\Request), Object(Closure))
#30 /Users/adrian12/Documents/JS-PHP25-26/PHP/examen 5ULTIMO/PARTE2/ejemploApi/apis/vendor/laravel/framework/src/Illuminate/Http/Middleware/TrustProxies.php(58): Illuminate\\Pipeline\\Pipeline->Illuminate\\Pipeline\\{closure}(Object(Illuminate\\Http\\Request))
#31 /Users/adrian12/Documents/JS-PHP25-26/PHP/examen 5ULTIMO/PARTE2/ejemploApi/apis/vendor/laravel/framework/src/Illuminate/Pipeline/Pipeline.php(219): Illuminate\\Http\\Middleware\\TrustProxies->handle(Object(Illuminate\\Http\\Request), Object(Closure))
#32 /Users/adrian12/Documents/JS-PHP25-26/PHP/examen 5ULTIMO/PARTE2/ejemploApi/apis/vendor/laravel/framework/src/Illuminate/Foundation/Http/Middleware/InvokeDeferredCallbacks.php(22): Illuminate\\Pipeline\\Pipeline->Illuminate\\Pipeline\\{closure}(Object(Illuminate\\Http\\Request))
#33 /Users/adrian12/Documents/JS-PHP25-26/PHP/examen 5ULTIMO/PARTE2/ejemploApi/apis/vendor/laravel/framework/src/Illuminate/Pipeline/Pipeline.php(219): Illuminate\\Foundation\\Http\\Middleware\\InvokeDeferredCallbacks->handle(Object(Illuminate\\Http\\Request), Object(Closure))
#34 /Users/adrian12/Documents/JS-PHP25-26/PHP/examen 5ULTIMO/PARTE2/ejemploApi/apis/vendor/laravel/framework/src/Illuminate/Http/Middleware/ValidatePathEncoding.php(26): Illuminate\\Pipeline\\Pipeline->Illuminate\\Pipeline\\{closure}(Object(Illuminate\\Http\\Request))
#35 /Users/adrian12/Documents/JS-PHP25-26/PHP/examen 5ULTIMO/PARTE2/ejemploApi/apis/vendor/laravel/framework/src/Illuminate/Pipeline/Pipeline.php(219): Illuminate\\Http\\Middleware\\ValidatePathEncoding->handle(Object(Illuminate\\Http\\Request), Object(Closure))
#36 /Users/adrian12/Documents/JS-PHP25-26/PHP/examen 5ULTIMO/PARTE2/ejemploApi/apis/vendor/laravel/framework/src/Illuminate/Pipeline/Pipeline.php(137): Illuminate\\Pipeline\\Pipeline->Illuminate\\Pipeline\\{closure}(Object(Illuminate\\Http\\Request))
#37 /Users/adrian12/Documents/JS-PHP25-26/PHP/examen 5ULTIMO/PARTE2/ejemploApi/apis/vendor/laravel/framework/src/Illuminate/Foundation/Http/Kernel.php(175): Illuminate\\Pipeline\\Pipeline->then(Object(Closure))
#38 /Users/adrian12/Documents/JS-PHP25-26/PHP/examen 5ULTIMO/PARTE2/ejemploApi/apis/vendor/laravel/framework/src/Illuminate/Foundation/Http/Kernel.php(144): Illuminate\\Foundation\\Http\\Kernel->sendRequestThroughRouter(Object(Illuminate\\Http\\Request))
#39 /Users/adrian12/Documents/JS-PHP25-26/PHP/examen 5ULTIMO/PARTE2/ejemploApi/apis/vendor/laravel/framework/src/Illuminate/Foundation/Application.php(1220): Illuminate\\Foundation\\Http\\Kernel->handle(Object(Illuminate\\Http\\Request))
#40 /Users/adrian12/Documents/JS-PHP25-26/PHP/examen 5ULTIMO/PARTE2/ejemploApi/apis/public/index.php(20): Illuminate\\Foundation\\Application->handleRequest(Object(Illuminate\\Http\\Request))
#41 /Users/adrian12/Documents/JS-PHP25-26/PHP/examen 5ULTIMO/PARTE2/ejemploApi/apis/vendor/laravel/framework/src/Illuminate/Foundation/resources/server.php(23): require_once('/Users/adrian12...')
#42 {main}

[previous exception] [object] (ReflectionException(code: -1): Class \"NoteController\" does not exist at /Users/adrian12/Documents/JS-PHP25-26/PHP/examen 5ULTIMO/PARTE2/ejemploApi/apis/vendor/laravel/framework/src/Illuminate/Container/Container.php:1122)
[stacktrace]
#0 /Users/adrian12/Documents/JS-PHP25-26/PHP/examen 5ULTIMO/PARTE2/ejemploApi/apis/vendor/laravel/framework/src/Illuminate/Container/Container.php(1122): ReflectionClass->__construct('NoteController')
#1 /Users/adrian12/Documents/JS-PHP25-26/PHP/examen 5ULTIMO/PARTE2/ejemploApi/apis/vendor/laravel/framework/src/Illuminate/Container/Container.php(933): Illuminate\\Container\\Container->build('NoteController')
#2 /Users/adrian12/Documents/JS-PHP25-26/PHP/examen 5ULTIMO/PARTE2/ejemploApi/apis/vendor/laravel/framework/src/Illuminate/Foundation/Application.php(1078): Illuminate\\Container\\Container->resolve('NoteController', Array, true)
#3 /Users/adrian12/Documents/JS-PHP25-26/PHP/examen 5ULTIMO/PARTE2/ejemploApi/apis/vendor/laravel/framework/src/Illuminate/Container/Container.php(864): Illuminate\\Foundation\\Application->resolve('NoteController', Array)
#4 /Users/adrian12/Documents/JS-PHP25-26/PHP/examen 5ULTIMO/PARTE2/ejemploApi/apis/vendor/laravel/framework/src/Illuminate/Foundation/Application.php(1058): Illuminate\\Container\\Container->make('NoteController', Array)
#5 /Users/adrian12/Documents/JS-PHP25-26/PHP/examen 5ULTIMO/PARTE2/ejemploApi/apis/vendor/laravel/framework/src/Illuminate/Routing/Route.php(286): Illuminate\\Foundation\\Application->make('NoteController')
#6 /Users/adrian12/Documents/JS-PHP25-26/PHP/examen 5ULTIMO/PARTE2/ejemploApi/apis/vendor/laravel/framework/src/Illuminate/Routing/Route.php(266): Illuminate\\Routing\\Route->getController()
#7 /Users/adrian12/Documents/JS-PHP25-26/PHP/examen 5ULTIMO/PARTE2/ejemploApi/apis/vendor/laravel/framework/src/Illuminate/Routing/Route.php(211): Illuminate\\Routing\\Route->runController()
#8 /Users/adrian12/Documents/JS-PHP25-26/PHP/examen 5ULTIMO/PARTE2/ejemploApi/apis/vendor/laravel/framework/src/Illuminate/Routing/Router.php(822): Illuminate\\Routing\\Route->run()
#9 /Users/adrian12/Documents/JS-PHP25-26/PHP/examen 5ULTIMO/PARTE2/ejemploApi/apis/vendor/laravel/framework/src/Illuminate/Pipeline/Pipeline.php(180): Illuminate\\Routing\\Router->Illuminate\\Routing\\{closure}(Object(Illuminate\\Http\\Request))
#10 /Users/adrian12/Documents/JS-PHP25-26/PHP/examen 5ULTIMO/PARTE2/ejemploApi/apis/vendor/laravel/framework/src/Illuminate/Routing/Middleware/SubstituteBindings.php(50): Illuminate\\Pipeline\\Pipeline->Illuminate\\Pipeline\\{closure}(Object(Illuminate\\Http\\Request))
#11 /Users/adrian12/Documents/JS-PHP25-26/PHP/examen 5ULTIMO/PARTE2/ejemploApi/apis/vendor/laravel/framework/src/Illuminate/Pipeline/Pipeline.php(219): Illuminate\\Routing\\Middleware\\SubstituteBindings->handle(Object(Illuminate\\Http\\Request), Object(Closure))
#12 /Users/adrian12/Documents/JS-PHP25-26/PHP/examen 5ULTIMO/PARTE2/ejemploApi/apis/vendor/laravel/framework/src/Illuminate/Pipeline/Pipeline.php(137): Illuminate\\Pipeline\\Pipeline->Illuminate\\Pipeline\\{closure}(Object(Illuminate\\Http\\Request))
#13 /Users/adrian12/Documents/JS-PHP25-26/PHP/examen 5ULTIMO/PARTE2/ejemploApi/apis/vendor/laravel/framework/src/Illuminate/Routing/Router.php(821): Illuminate\\Pipeline\\Pipeline->then(Object(Closure))
#14 /Users/adrian12/Documents/JS-PHP25-26/PHP/examen 5ULTIMO/PARTE2/ejemploApi/apis/vendor/laravel/framework/src/Illuminate/Routing/Router.php(800): Illuminate\\Routing\\Router->runRouteWithinStack(Object(Illuminate\\Routing\\Route), Object(Illuminate\\Http\\Request))
#15 /Users/adrian12/Documents/JS-PHP25-26/PHP/examen 5ULTIMO/PARTE2/ejemploApi/apis/vendor/laravel/framework/src/Illuminate/Routing/Router.php(764): Illuminate\\Routing\\Router->runRoute(Object(Illuminate\\Http\\Request), Object(Illuminate\\Routing\\Route))
#16 /Users/adrian12/Documents/JS-PHP25-26/PHP/examen 5ULTIMO/PARTE2/ejemploApi/apis/vendor/laravel/framework/src/Illuminate/Routing/Router.php(753): Illuminate\\Routing\\Router->dispatchToRoute(Object(Illuminate\\Http\\Request))
#17 /Users/adrian12/Documents/JS-PHP25-26/PHP/examen 5ULTIMO/PARTE2/ejemploApi/apis/vendor/laravel/framework/src/Illuminate/Foundation/Http/Kernel.php(200): Illuminate\\Routing\\Router->dispatch(Object(Illuminate\\Http\\Request))
#18 /Users/adrian12/Documents/JS-PHP25-26/PHP/examen 5ULTIMO/PARTE2/ejemploApi/apis/vendor/laravel/framework/src/Illuminate/Pipeline/Pipeline.php(180): Illuminate\\Foundation\\Http\\Kernel->Illuminate\\Foundation\\Http\\{closure}(Object(Illuminate\\Http\\Request))
#19 /Users/adrian12/Documents/JS-PHP25-26/PHP/examen 5ULTIMO/PARTE2/ejemploApi/apis/vendor/laravel/framework/src/Illuminate/Foundation/Http/Middleware/TransformsRequest.php(21): Illuminate\\Pipeline\\Pipeline->Illuminate\\Pipeline\\{closure}(Object(Illuminate\\Http\\Request))
#20 /Users/adrian12/Documents/JS-PHP25-26/PHP/examen 5ULTIMO/PARTE2/ejemploApi/apis/vendor/laravel/framework/src/Illuminate/Foundation/Http/Middleware/ConvertEmptyStringsToNull.php(31): Illuminate\\Foundation\\Http\\Middleware\\TransformsRequest->handle(Object(Illuminate\\Http\\Request), Object(Closure))
#21 /Users/adrian12/Documents/JS-PHP25-26/PHP/examen 5ULTIMO/PARTE2/ejemploApi/apis/vendor/laravel/framework/src/Illuminate/Pipeline/Pipeline.php(219): Illuminate\\Foundation\\Http\\Middleware\\ConvertEmptyStringsToNull->handle(Object(Illuminate\\Http\\Request), Object(Closure))
#22 /Users/adrian12/Documents/JS-PHP25-26/PHP/examen 5ULTIMO/PARTE2/ejemploApi/apis/vendor/laravel/framework/src/Illuminate/Foundation/Http/Middleware/TransformsRequest.php(21): Illuminate\\Pipeline\\Pipeline->Illuminate\\Pipeline\\{closure}(Object(Illuminate\\Http\\Request))
#23 /Users/adrian12/Documents/JS-PHP25-26/PHP/examen 5ULTIMO/PARTE2/ejemploApi/apis/vendor/laravel/framework/src/Illuminate/Foundation/Http/Middleware/TrimStrings.php(51): Illuminate\\Foundation\\Http\\Middleware\\TransformsRequest->handle(Object(Illuminate\\Http\\Request), Object(Closure))
#24 /Users/adrian12/Documents/JS-PHP25-26/PHP/examen 5ULTIMO/PARTE2/ejemploApi/apis/vendor/laravel/framework/src/Illuminate/Pipeline/Pipeline.php(219): Illuminate\\Foundation\\Http\\Middleware\\TrimStrings->handle(Object(Illuminate\\Http\\Request), Object(Closure))
#25 /Users/adrian12/Documents/JS-PHP25-26/PHP/examen 5ULTIMO/PARTE2/ejemploApi/apis/vendor/laravel/framework/src/Illuminate/Http/Middleware/ValidatePostSize.php(27): Illuminate\\Pipeline\\Pipeline->Illuminate\\Pipeline\\{closure}(Object(Illuminate\\Http\\Request))
#26 /Users/adrian12/Documents/JS-PHP25-26/PHP/examen 5ULTIMO/PARTE2/ejemploApi/apis/vendor/laravel/framework/src/Illuminate/Pipeline/Pipeline.php(219): Illuminate\\Http\\Middleware\\ValidatePostSize->handle(Object(Illuminate\\Http\\Request), Object(Closure))
#27 /Users/adrian12/Documents/JS-PHP25-26/PHP/examen 5ULTIMO/PARTE2/ejemploApi/apis/vendor/laravel/framework/src/Illuminate/Foundation/Http/Middleware/PreventRequestsDuringMaintenance.php(109): Illuminate\\Pipeline\\Pipeline->Illuminate\\Pipeline\\{closure}(Object(Illuminate\\Http\\Request))
#28 /Users/adrian12/Documents/JS-PHP25-26/PHP/examen 5ULTIMO/PARTE2/ejemploApi/apis/vendor/laravel/framework/src/Illuminate/Pipeline/Pipeline.php(219): Illuminate\\Foundation\\Http\\Middleware\\PreventRequestsDuringMaintenance->handle(Object(Illuminate\\Http\\Request), Object(Closure))
#29 /Users/adrian12/Documents/JS-PHP25-26/PHP/examen 5ULTIMO/PARTE2/ejemploApi/apis/vendor/laravel/framework/src/Illuminate/Http/Middleware/HandleCors.php(74): Illuminate\\Pipeline\\Pipeline->Illuminate\\Pipeline\\{closure}(Object(Illuminate\\Http\\Request))
#30 /Users/adrian12/Documents/JS-PHP25-26/PHP/examen 5ULTIMO/PARTE2/ejemploApi/apis/vendor/laravel/framework/src/Illuminate/Pipeline/Pipeline.php(219): Illuminate\\Http\\Middleware\\HandleCors->handle(Object(Illuminate\\Http\\Request), Object(Closure))
#31 /Users/adrian12/Documents/JS-PHP25-26/PHP/examen 5ULTIMO/PARTE2/ejemploApi/apis/vendor/laravel/framework/src/Illuminate/Http/Middleware/TrustProxies.php(58): Illuminate\\Pipeline\\Pipeline->Illuminate\\Pipeline\\{closure}(Object(Illuminate\\Http\\Request))
#32 /Users/adrian12/Documents/JS-PHP25-26/PHP/examen 5ULTIMO/PARTE2/ejemploApi/apis/vendor/laravel/framework/src/Illuminate/Pipeline/Pipeline.php(219): Illuminate\\Http\\Middleware\\TrustProxies->handle(Object(Illuminate\\Http\\Request), Object(Closure))
#33 /Users/adrian12/Documents/JS-PHP25-26/PHP/examen 5ULTIMO/PARTE2/ejemploApi/apis/vendor/laravel/framework/src/Illuminate/Foundation/Http/Middleware/InvokeDeferredCallbacks.php(22): Illuminate\\Pipeline\\Pipeline->Illuminate\\Pipeline\\{closure}(Object(Illuminate\\Http\\Request))
#34 /Users/adrian12/Documents/JS-PHP25-26/PHP/examen 5ULTIMO/PARTE2/ejemploApi/apis/vendor/laravel/framework/src/Illuminate/Pipeline/Pipeline.php(219): Illuminate\\Foundation\\Http\\Middleware\\InvokeDeferredCallbacks->handle(Object(Illuminate\\Http\\Request), Object(Closure))
#35 /Users/adrian12/Documents/JS-PHP25-26/PHP/examen 5ULTIMO/PARTE2/ejemploApi/apis/vendor/laravel/framework/src/Illuminate/Http/Middleware/ValidatePathEncoding.php(26): Illuminate\\Pipeline\\Pipeline->Illuminate\\Pipeline\\{closure}(Object(Illuminate\\Http\\Request))
#36 /Users/adrian12/Documents/JS-PHP25-26/PHP/examen 5ULTIMO/PARTE2/ejemploApi/apis/vendor/laravel/framework/src/Illuminate/Pipeline/Pipeline.php(219): Illuminate\\Http\\Middleware\\ValidatePathEncoding->handle(Object(Illuminate\\Http\\Request), Object(Closure))
#37 /Users/adrian12/Documents/JS-PHP25-26/PHP/examen 5ULTIMO/PARTE2/ejemploApi/apis/vendor/laravel/framework/src/Illuminate/Pipeline/Pipeline.php(137): Illuminate\\Pipeline\\Pipeline->Illuminate\\Pipeline\\{closure}(Object(Illuminate\\Http\\Request))
#38 /Users/adrian12/Documents/JS-PHP25-26/PHP/examen 5ULTIMO/PARTE2/ejemploApi/apis/vendor/laravel/framework/src/Illuminate/Foundation/Http/Kernel.php(175): Illuminate\\Pipeline\\Pipeline->then(Object(Closure))
#39 /Users/adrian12/Documents/JS-PHP25-26/PHP/examen 5ULTIMO/PARTE2/ejemploApi/apis/vendor/laravel/framework/src/Illuminate/Foundation/Http/Kernel.php(144): Illuminate\\Foundation\\Http\\Kernel->sendRequestThroughRouter(Object(Illuminate\\Http\\Request))
#40 /Users/adrian12/Documents/JS-PHP25-26/PHP/examen 5ULTIMO/PARTE2/ejemploApi/apis/vendor/laravel/framework/src/Illuminate/Foundation/Application.php(1220): Illuminate\\Foundation\\Http\\Kernel->handle(Object(Illuminate\\Http\\Request))
#41 /Users/adrian12/Documents/JS-PHP25-26/PHP/examen 5ULTIMO/PARTE2/ejemploApi/apis/public/index.php(20): Illuminate\\Foundation\\Application->handleRequest(Object(Illuminate\\Http\\Request))
#42 /Users/adrian12/Documents/JS-PHP25-26/PHP/examen 5ULTIMO/PARTE2/ejemploApi/apis/vendor/laravel/framework/src/Illuminate/Foundation/resources/server.php(23): require_once('/Users/adrian12...')
#43 {main}
"} 
[2026-02-09 09:51:03] local.ERROR: Target class [NoteController] does not exist. {"exception":"[object] (Illuminate\\Contracts\\Container\\BindingResolutionException(code: 0): Target class [NoteController] does not exist. at /Users/adrian12/Documents/JS-PHP25-26/PHP/examen 5ULTIMO/PARTE2/ejemploApi/apis/vendor/laravel/framework/src/Illuminate/Container/Container.php:1124)
[stacktrace]
#0 /Users/adrian12/Documents/JS-PHP25-26/PHP/examen 5ULTIMO/PARTE2/ejemploApi/apis/vendor/laravel/framework/src/Illuminate/Container/Container.php(933): Illuminate\\Container\\Container->build('NoteController')
#1 /Users/adrian12/Documents/JS-PHP25-26/PHP/examen 5ULTIMO/PARTE2/ejemploApi/apis/vendor/laravel/framework/src/Illuminate/Foundation/Application.php(1078): Illuminate\\Container\\Container->resolve('NoteController', Array, true)
#2 /Users/adrian12/Documents/JS-PHP25-26/PHP/examen 5ULTIMO/PARTE2/ejemploApi/apis/vendor/laravel/framework/src/Illuminate/Container/Container.php(864): Illuminate\\Foundation\\Application->resolve('NoteController', Array)
#3 /Users/adrian12/Documents/JS-PHP25-26/PHP/examen 5ULTIMO/PARTE2/ejemploApi/apis/vendor/laravel/framework/src/Illuminate/Foundation/Application.php(1058): Illuminate\\Container\\Container->make('NoteController', Array)
#4 /Users/adrian12/Documents/JS-PHP25-26/PHP/examen 5ULTIMO/PARTE2/ejemploApi/apis/vendor/laravel/framework/src/Illuminate/Routing/Route.php(286): Illuminate\\Foundation\\Application->make('NoteController')
#5 /Users/adrian12/Documents/JS-PHP25-26/PHP/examen 5ULTIMO/PARTE2/ejemploApi/apis/vendor/laravel/framework/src/Illuminate/Routing/Route.php(266): Illuminate\\Routing\\Route->getController()
#6 /Users/adrian12/Documents/JS-PHP25-26/PHP/examen 5ULTIMO/PARTE2/ejemploApi/apis/vendor/laravel/framework/src/Illuminate/Routing/Route.php(211): Illuminate\\Routing\\Route->runController()
#7 /Users/adrian12/Documents/JS-PHP25-26/PHP/examen 5ULTIMO/PARTE2/ejemploApi/apis/vendor/laravel/framework/src/Illuminate/Routing/Router.php(822): Illuminate\\Routing\\Route->run()
#8 /Users/adrian12/Documents/JS-PHP25-26/PHP/examen 5ULTIMO/PARTE2/ejemploApi/apis/vendor/laravel/framework/src/Illuminate/Pipeline/Pipeline.php(180): Illuminate\\Routing\\Router->Illuminate\\Routing\\{closure}(Object(Illuminate\\Http\\Request))
#9 /Users/adrian12/Documents/JS-PHP25-26/PHP/examen 5ULTIMO/PARTE2/ejemploApi/apis/vendor/laravel/framework/src/Illuminate/Routing/Middleware/SubstituteBindings.php(50): Illuminate\\Pipeline\\Pipeline->Illuminate\\Pipeline\\{closure}(Object(Illuminate\\Http\\Request))
#10 /Users/adrian12/Documents/JS-PHP25-26/PHP/examen 5ULTIMO/PARTE2/ejemploApi/apis/vendor/laravel/framework/src/Illuminate/Pipeline/Pipeline.php(219): Illuminate\\Routing\\Middleware\\SubstituteBindings->handle(Object(Illuminate\\Http\\Request), Object(Closure))
#11 /Users/adrian12/Documents/JS-PHP25-26/PHP/examen 5ULTIMO/PARTE2/ejemploApi/apis/vendor/laravel/framework/src/Illuminate/Pipeline/Pipeline.php(137): Illuminate\\Pipeline\\Pipeline->Illuminate\\Pipeline\\{closure}(Object(Illuminate\\Http\\Request))
#12 /Users/adrian12/Documents/JS-PHP25-26/PHP/examen 5ULTIMO/PARTE2/ejemploApi/apis/vendor/laravel/framework/src/Illuminate/Routing/Router.php(821): Illuminate\\Pipeline\\Pipeline->then(Object(Closure))
#13 /Users/adrian12/Documents/JS-PHP25-26/PHP/examen 5ULTIMO/PARTE2/ejemploApi/apis/vendor/laravel/framework/src/Illuminate/Routing/Router.php(800): Illuminate\\Routing\\Router->runRouteWithinStack(Object(Illuminate\\Routing\\Route), Object(Illuminate\\Http\\Request))
#14 /Users/adrian12/Documents/JS-PHP25-26/PHP/examen 5ULTIMO/PARTE2/ejemploApi/apis/vendor/laravel/framework/src/Illuminate/Routing/Router.php(764): Illuminate\\Routing\\Router->runRoute(Object(Illuminate\\Http\\Request), Object(Illuminate\\Routing\\Route))
#15 /Users/adrian12/Documents/JS-PHP25-26/PHP/examen 5ULTIMO/PARTE2/ejemploApi/apis/vendor/laravel/framework/src/Illuminate/Routing/Router.php(753): Illuminate\\Routing\\Router->dispatchToRoute(Object(Illuminate\\Http\\Request))
#16 /Users/adrian12/Documents/JS-PHP25-26/PHP/examen 5ULTIMO/PARTE2/ejemploApi/apis/vendor/laravel/framework/src/Illuminate/Foundation/Http/Kernel.php(200): Illuminate\\Routing\\Router->dispatch(Object(Illuminate\\Http\\Request))
#17 /Users/adrian12/Documents/JS-PHP25-26/PHP/examen 5ULTIMO/PARTE2/ejemploApi/apis/vendor/laravel/framework/src/Illuminate/Pipeline/Pipeline.php(180): Illuminate\\Foundation\\Http\\Kernel->Illuminate\\Foundation\\Http\\{closure}(Object(Illuminate\\Http\\Request))
#18 /Users/adrian12/Documents/JS-PHP25-26/PHP/examen 5ULTIMO/PARTE2/ejemploApi/apis/vendor/laravel/framework/src/Illuminate/Foundation/Http/Middleware/TransformsRequest.php(21): Illuminate\\Pipeline\\Pipeline->Illuminate\\Pipeline\\{closure}(Object(Illuminate\\Http\\Request))
#19 /Users/adrian12/Documents/JS-PHP25-26/PHP/examen 5ULTIMO/PARTE2/ejemploApi/apis/vendor/laravel/framework/src/Illuminate/Foundation/Http/Middleware/ConvertEmptyStringsToNull.php(31): Illuminate\\Foundation\\Http\\Middleware\\TransformsRequest->handle(Object(Illuminate\\Http\\Request), Object(Closure))
#20 /Users/adrian12/Documents/JS-PHP25-26/PHP/examen 5ULTIMO/PARTE2/ejemploApi/apis/vendor/laravel/framework/src/Illuminate/Pipeline/Pipeline.php(219): Illuminate\\Foundation\\Http\\Middleware\\ConvertEmptyStringsToNull->handle(Object(Illuminate\\Http\\Request), Object(Closure))
#21 /Users/adrian12/Documents/JS-PHP25-26/PHP/examen 5ULTIMO/PARTE2/ejemploApi/apis/vendor/laravel/framework/src/Illuminate/Foundation/Http/Middleware/TransformsRequest.php(21): Illuminate\\Pipeline\\Pipeline->Illuminate\\Pipeline\\{closure}(Object(Illuminate\\Http\\Request))
#22 /Users/adrian12/Documents/JS-PHP25-26/PHP/examen 5ULTIMO/PARTE2/ejemploApi/apis/vendor/laravel/framework/src/Illuminate/Foundation/Http/Middleware/TrimStrings.php(51): Illuminate\\Foundation\\Http\\Middleware\\TransformsRequest->handle(Object(Illuminate\\Http\\Request), Object(Closure))
#23 /Users/adrian12/Documents/JS-PHP25-26/PHP/examen 5ULTIMO/PARTE2/ejemploApi/apis/vendor/laravel/framework/src/Illuminate/Pipeline/Pipeline.php(219): Illuminate\\Foundation\\Http\\Middleware\\TrimStrings->handle(Object(Illuminate\\Http\\Request), Object(Closure))
#24 /Users/adrian12/Documents/JS-PHP25-26/PHP/examen 5ULTIMO/PARTE2/ejemploApi/apis/vendor/laravel/framework/src/Illuminate/Http/Middleware/ValidatePostSize.php(27): Illuminate\\Pipeline\\Pipeline->Illuminate\\Pipeline\\{closure}(Object(Illuminate\\Http\\Request))
#25 /Users/adrian12/Documents/JS-PHP25-26/PHP/examen 5ULTIMO/PARTE2/ejemploApi/apis/vendor/laravel/framework/src/Illuminate/Pipeline/Pipeline.php(219): Illuminate\\Http\\Middleware\\ValidatePostSize->handle(Object(Illuminate\\Http\\Request), Object(Closure))
#26 /Users/adrian12/Documents/JS-PHP25-26/PHP/examen 5ULTIMO/PARTE2/ejemploApi/apis/vendor/laravel/framework/src/Illuminate/Foundation/Http/Middleware/PreventRequestsDuringMaintenance.php(109): Illuminate\\Pipeline\\Pipeline->Illuminate\\Pipeline\\{closure}(Object(Illuminate\\Http\\Request))
#27 /Users/adrian12/Documents/JS-PHP25-26/PHP/examen 5ULTIMO/PARTE2/ejemploApi/apis/vendor/laravel/framework/src/Illuminate/Pipeline/Pipeline.php(219): Illuminate\\Foundation\\Http\\Middleware\\PreventRequestsDuringMaintenance->handle(Object(Illuminate\\Http\\Request), Object(Closure))
#28 /Users/adrian12/Documents/JS-PHP25-26/PHP/examen 5ULTIMO/PARTE2/ejemploApi/apis/vendor/laravel/framework/src/Illuminate/Http/Middleware/HandleCors.php(74): Illuminate\\Pipeline\\Pipeline->Illuminate\\Pipeline\\{closure}(Object(Illuminate\\Http\\Request))
#29 /Users/adrian12/Documents/JS-PHP25-26/PHP/examen 5ULTIMO/PARTE2/ejemploApi/apis/vendor/laravel/framework/src/Illuminate/Pipeline/Pipeline.php(219): Illuminate\\Http\\Middleware\\HandleCors->handle(Object(Illuminate\\Http\\Request), Object(Closure))
#30 /Users/adrian12/Documents/JS-PHP25-26/PHP/examen 5ULTIMO/PARTE2/ejemploApi/apis/vendor/laravel/framework/src/Illuminate/Http/Middleware/TrustProxies.php(58): Illuminate\\Pipeline\\Pipeline->Illuminate\\Pipeline\\{closure}(Object(Illuminate\\Http\\Request))
#31 /Users/adrian12/Documents/JS-PHP25-26/PHP/examen 5ULTIMO/PARTE2/ejemploApi/apis/vendor/laravel/framework/src/Illuminate/Pipeline/Pipeline.php(219): Illuminate\\Http\\Middleware\\TrustProxies->handle(Object(Illuminate\\Http\\Request), Object(Closure))
#32 /Users/adrian12/Documents/JS-PHP25-26/PHP/examen 5ULTIMO/PARTE2/ejemploApi/apis/vendor/laravel/framework/src/Illuminate/Foundation/Http/Middleware/InvokeDeferredCallbacks.php(22): Illuminate\\Pipeline\\Pipeline->Illuminate\\Pipeline\\{closure}(Object(Illuminate\\Http\\Request))
#33 /Users/adrian12/Documents/JS-PHP25-26/PHP/examen 5ULTIMO/PARTE2/ejemploApi/apis/vendor/laravel/framework/src/Illuminate/Pipeline/Pipeline.php(219): Illuminate\\Foundation\\Http\\Middleware\\InvokeDeferredCallbacks->handle(Object(Illuminate\\Http\\Request), Object(Closure))
#34 /Users/adrian12/Documents/JS-PHP25-26/PHP/examen 5ULTIMO/PARTE2/ejemploApi/apis/vendor/laravel/framework/src/Illuminate/Http/Middleware/ValidatePathEncoding.php(26): Illuminate\\Pipeline\\Pipeline->Illuminate\\Pipeline\\{closure}(Object(Illuminate\\Http\\Request))
#35 /Users/adrian12/Documents/JS-PHP25-26/PHP/examen 5ULTIMO/PARTE2/ejemploApi/apis/vendor/laravel/framework/src/Illuminate/Pipeline/Pipeline.php(219): Illuminate\\Http\\Middleware\\ValidatePathEncoding->handle(Object(Illuminate\\Http\\Request), Object(Closure))
#36 /Users/adrian12/Documents/JS-PHP25-26/PHP/examen 5ULTIMO/PARTE2/ejemploApi/apis/vendor/laravel/framework/src/Illuminate/Pipeline/Pipeline.php(137): Illuminate\\Pipeline\\Pipeline->Illuminate\\Pipeline\\{closure}(Object(Illuminate\\Http\\Request))
#37 /Users/adrian12/Documents/JS-PHP25-26/PHP/examen 5ULTIMO/PARTE2/ejemploApi/apis/vendor/laravel/framework/src/Illuminate/Foundation/Http/Kernel.php(175): Illuminate\\Pipeline\\Pipeline->then(Object(Closure))
#38 /Users/adrian12/Documents/JS-PHP25-26/PHP/examen 5ULTIMO/PARTE2/ejemploApi/apis/vendor/laravel/framework/src/Illuminate/Foundation/Http/Kernel.php(144): Illuminate\\Foundation\\Http\\Kernel->sendRequestThroughRouter(Object(Illuminate\\Http\\Request))
#39 /Users/adrian12/Documents/JS-PHP25-26/PHP/examen 5ULTIMO/PARTE2/ejemploApi/apis/vendor/laravel/framework/src/Illuminate/Foundation/Application.php(1220): Illuminate\\Foundation\\Http\\Kernel->handle(Object(Illuminate\\Http\\Request))
#40 /Users/adrian12/Documents/JS-PHP25-26/PHP/examen 5ULTIMO/PARTE2/ejemploApi/apis/public/index.php(20): Illuminate\\Foundation\\Application->handleRequest(Object(Illuminate\\Http\\Request))
#41 /Users/adrian12/Documents/JS-PHP25-26/PHP/examen 5ULTIMO/PARTE2/ejemploApi/apis/vendor/laravel/framework/src/Illuminate/Foundation/resources/server.php(23): require_once('/Users/adrian12...')
#42 {main}

[previous exception] [object] (ReflectionException(code: -1): Class \"NoteController\" does not exist at /Users/adrian12/Documents/JS-PHP25-26/PHP/examen 5ULTIMO/PARTE2/ejemploApi/apis/vendor/laravel/framework/src/Illuminate/Container/Container.php:1122)
[stacktrace]
#0 /Users/adrian12/Documents/JS-PHP25-26/PHP/examen 5ULTIMO/PARTE2/ejemploApi/apis/vendor/laravel/framework/src/Illuminate/Container/Container.php(1122): ReflectionClass->__construct('NoteController')
#1 /Users/adrian12/Documents/JS-PHP25-26/PHP/examen 5ULTIMO/PARTE2/ejemploApi/apis/vendor/laravel/framework/src/Illuminate/Container/Container.php(933): Illuminate\\Container\\Container->build('NoteController')
#2 /Users/adrian12/Documents/JS-PHP25-26/PHP/examen 5ULTIMO/PARTE2/ejemploApi/apis/vendor/laravel/framework/src/Illuminate/Foundation/Application.php(1078): Illuminate\\Container\\Container->resolve('NoteController', Array, true)
#3 /Users/adrian12/Documents/JS-PHP25-26/PHP/examen 5ULTIMO/PARTE2/ejemploApi/apis/vendor/laravel/framework/src/Illuminate/Container/Container.php(864): Illuminate\\Foundation\\Application->resolve('NoteController', Array)
#4 /Users/adrian12/Documents/JS-PHP25-26/PHP/examen 5ULTIMO/PARTE2/ejemploApi/apis/vendor/laravel/framework/src/Illuminate/Foundation/Application.php(1058): Illuminate\\Container\\Container->make('NoteController', Array)
#5 /Users/adrian12/Documents/JS-PHP25-26/PHP/examen 5ULTIMO/PARTE2/ejemploApi/apis/vendor/laravel/framework/src/Illuminate/Routing/Route.php(286): Illuminate\\Foundation\\Application->make('NoteController')
#6 /Users/adrian12/Documents/JS-PHP25-26/PHP/examen 5ULTIMO/PARTE2/ejemploApi/apis/vendor/laravel/framework/src/Illuminate/Routing/Route.php(266): Illuminate\\Routing\\Route->getController()
#7 /Users/adrian12/Documents/JS-PHP25-26/PHP/examen 5ULTIMO/PARTE2/ejemploApi/apis/vendor/laravel/framework/src/Illuminate/Routing/Route.php(211): Illuminate\\Routing\\Route->runController()
#8 /Users/adrian12/Documents/JS-PHP25-26/PHP/examen 5ULTIMO/PARTE2/ejemploApi/apis/vendor/laravel/framework/src/Illuminate/Routing/Router.php(822): Illuminate\\Routing\\Route->run()
#9 /Users/adrian12/Documents/JS-PHP25-26/PHP/examen 5ULTIMO/PARTE2/ejemploApi/apis/vendor/laravel/framework/src/Illuminate/Pipeline/Pipeline.php(180): Illuminate\\Routing\\Router->Illuminate\\Routing\\{closure}(Object(Illuminate\\Http\\Request))
#10 /Users/adrian12/Documents/JS-PHP25-26/PHP/examen 5ULTIMO/PARTE2/ejemploApi/apis/vendor/laravel/framework/src/Illuminate/Routing/Middleware/SubstituteBindings.php(50): Illuminate\\Pipeline\\Pipeline->Illuminate\\Pipeline\\{closure}(Object(Illuminate\\Http\\Request))
#11 /Users/adrian12/Documents/JS-PHP25-26/PHP/examen 5ULTIMO/PARTE2/ejemploApi/apis/vendor/laravel/framework/src/Illuminate/Pipeline/Pipeline.php(219): Illuminate\\Routing\\Middleware\\SubstituteBindings->handle(Object(Illuminate\\Http\\Request), Object(Closure))
#12 /Users/adrian12/Documents/JS-PHP25-26/PHP/examen 5ULTIMO/PARTE2/ejemploApi/apis/vendor/laravel/framework/src/Illuminate/Pipeline/Pipeline.php(137): Illuminate\\Pipeline\\Pipeline->Illuminate\\Pipeline\\{closure}(Object(Illuminate\\Http\\Request))
#13 /Users/adrian12/Documents/JS-PHP25-26/PHP/examen 5ULTIMO/PARTE2/ejemploApi/apis/vendor/laravel/framework/src/Illuminate/Routing/Router.php(821): Illuminate\\Pipeline\\Pipeline->then(Object(Closure))
#14 /Users/adrian12/Documents/JS-PHP25-26/PHP/examen 5ULTIMO/PARTE2/ejemploApi/apis/vendor/laravel/framework/src/Illuminate/Routing/Router.php(800): Illuminate\\Routing\\Router->runRouteWithinStack(Object(Illuminate\\Routing\\Route), Object(Illuminate\\Http\\Request))
#15 /Users/adrian12/Documents/JS-PHP25-26/PHP/examen 5ULTIMO/PARTE2/ejemploApi/apis/vendor/laravel/framework/src/Illuminate/Routing/Router.php(764): Illuminate\\Routing\\Router->runRoute(Object(Illuminate\\Http\\Request), Object(Illuminate\\Routing\\Route))
#16 /Users/adrian12/Documents/JS-PHP25-26/PHP/examen 5ULTIMO/PARTE2/ejemploApi/apis/vendor/laravel/framework/src/Illuminate/Routing/Router.php(753): Illuminate\\Routing\\Router->dispatchToRoute(Object(Illuminate\\Http\\Request))
#17 /Users/adrian12/Documents/JS-PHP25-26/PHP/examen 5ULTIMO/PARTE2/ejemploApi/apis/vendor/laravel/framework/src/Illuminate/Foundation/Http/Kernel.php(200): Illuminate\\Routing\\Router->dispatch(Object(Illuminate\\Http\\Request))
#18 /Users/adrian12/Documents/JS-PHP25-26/PHP/examen 5ULTIMO/PARTE2/ejemploApi/apis/vendor/laravel/framework/src/Illuminate/Pipeline/Pipeline.php(180): Illuminate\\Foundation\\Http\\Kernel->Illuminate\\Foundation\\Http\\{closure}(Object(Illuminate\\Http\\Request))
#19 /Users/adrian12/Documents/JS-PHP25-26/PHP/examen 5ULTIMO/PARTE2/ejemploApi/apis/vendor/laravel/framework/src/Illuminate/Foundation/Http/Middleware/TransformsRequest.php(21): Illuminate\\Pipeline\\Pipeline->Illuminate\\Pipeline\\{closure}(Object(Illuminate\\Http\\Request))
#20 /Users/adrian12/Documents/JS-PHP25-26/PHP/examen 5ULTIMO/PARTE2/ejemploApi/apis/vendor/laravel/framework/src/Illuminate/Foundation/Http/Middleware/ConvertEmptyStringsToNull.php(31): Illuminate\\Foundation\\Http\\Middleware\\TransformsRequest->handle(Object(Illuminate\\Http\\Request), Object(Closure))
#21 /Users/adrian12/Documents/JS-PHP25-26/PHP/examen 5ULTIMO/PARTE2/ejemploApi/apis/vendor/laravel/framework/src/Illuminate/Pipeline/Pipeline.php(219): Illuminate\\Foundation\\Http\\Middleware\\ConvertEmptyStringsToNull->handle(Object(Illuminate\\Http\\Request), Object(Closure))
#22 /Users/adrian12/Documents/JS-PHP25-26/PHP/examen 5ULTIMO/PARTE2/ejemploApi/apis/vendor/laravel/framework/src/Illuminate/Foundation/Http/Middleware/TransformsRequest.php(21): Illuminate\\Pipeline\\Pipeline->Illuminate\\Pipeline\\{closure}(Object(Illuminate\\Http\\Request))
#23 /Users/adrian12/Documents/JS-PHP25-26/PHP/examen 5ULTIMO/PARTE2/ejemploApi/apis/vendor/laravel/framework/src/Illuminate/Foundation/Http/Middleware/TrimStrings.php(51): Illuminate\\Foundation\\Http\\Middleware\\TransformsRequest->handle(Object(Illuminate\\Http\\Request), Object(Closure))
#24 /Users/adrian12/Documents/JS-PHP25-26/PHP/examen 5ULTIMO/PARTE2/ejemploApi/apis/vendor/laravel/framework/src/Illuminate/Pipeline/Pipeline.php(219): Illuminate\\Foundation\\Http\\Middleware\\TrimStrings->handle(Object(Illuminate\\Http\\Request), Object(Closure))
#25 /Users/adrian12/Documents/JS-PHP25-26/PHP/examen 5ULTIMO/PARTE2/ejemploApi/apis/vendor/laravel/framework/src/Illuminate/Http/Middleware/ValidatePostSize.php(27): Illuminate\\Pipeline\\Pipeline->Illuminate\\Pipeline\\{closure}(Object(Illuminate\\Http\\Request))
#26 /Users/adrian12/Documents/JS-PHP25-26/PHP/examen 5ULTIMO/PARTE2/ejemploApi/apis/vendor/laravel/framework/src/Illuminate/Pipeline/Pipeline.php(219): Illuminate\\Http\\Middleware\\ValidatePostSize->handle(Object(Illuminate\\Http\\Request), Object(Closure))
#27 /Users/adrian12/Documents/JS-PHP25-26/PHP/examen 5ULTIMO/PARTE2/ejemploApi/apis/vendor/laravel/framework/src/Illuminate/Foundation/Http/Middleware/PreventRequestsDuringMaintenance.php(109): Illuminate\\Pipeline\\Pipeline->Illuminate\\Pipeline\\{closure}(Object(Illuminate\\Http\\Request))
#28 /Users/adrian12/Documents/JS-PHP25-26/PHP/examen 5ULTIMO/PARTE2/ejemploApi/apis/vendor/laravel/framework/src/Illuminate/Pipeline/Pipeline.php(219): Illuminate\\Foundation\\Http\\Middleware\\PreventRequestsDuringMaintenance->handle(Object(Illuminate\\Http\\Request), Object(Closure))
#29 /Users/adrian12/Documents/JS-PHP25-26/PHP/examen 5ULTIMO/PARTE2/ejemploApi/apis/vendor/laravel/framework/src/Illuminate/Http/Middleware/HandleCors.php(74): Illuminate\\Pipeline\\Pipeline->Illuminate\\Pipeline\\{closure}(Object(Illuminate\\Http\\Request))
#30 /Users/adrian12/Documents/JS-PHP25-26/PHP/examen 5ULTIMO/PARTE2/ejemploApi/apis/vendor/laravel/framework/src/Illuminate/Pipeline/Pipeline.php(219): Illuminate\\Http\\Middleware\\HandleCors->handle(Object(Illuminate\\Http\\Request), Object(Closure))
#31 /Users/adrian12/Documents/JS-PHP25-26/PHP/examen 5ULTIMO/PARTE2/ejemploApi/apis/vendor/laravel/framework/src/Illuminate/Http/Middleware/TrustProxies.php(58): Illuminate\\Pipeline\\Pipeline->Illuminate\\Pipeline\\{closure}(Object(Illuminate\\Http\\Request))
#32 /Users/adrian12/Documents/JS-PHP25-26/PHP/examen 5ULTIMO/PARTE2/ejemploApi/apis/vendor/laravel/framework/src/Illuminate/Pipeline/Pipeline.php(219): Illuminate\\Http\\Middleware\\TrustProxies->handle(Object(Illuminate\\Http\\Request), Object(Closure))
#33 /Users/adrian12/Documents/JS-PHP25-26/PHP/examen 5ULTIMO/PARTE2/ejemploApi/apis/vendor/laravel/framework/src/Illuminate/Foundation/Http/Middleware/InvokeDeferredCallbacks.php(22): Illuminate\\Pipeline\\Pipeline->Illuminate\\Pipeline\\{closure}(Object(Illuminate\\Http\\Request))
#34 /Users/adrian12/Documents/JS-PHP25-26/PHP/examen 5ULTIMO/PARTE2/ejemploApi/apis/vendor/laravel/framework/src/Illuminate/Pipeline/Pipeline.php(219): Illuminate\\Foundation\\Http\\Middleware\\InvokeDeferredCallbacks->handle(Object(Illuminate\\Http\\Request), Object(Closure))
#35 /Users/adrian12/Documents/JS-PHP25-26/PHP/examen 5ULTIMO/PARTE2/ejemploApi/apis/vendor/laravel/framework/src/Illuminate/Http/Middleware/ValidatePathEncoding.php(26): Illuminate\\Pipeline\\Pipeline->Illuminate\\Pipeline\\{closure}(Object(Illuminate\\Http\\Request))
#36 /Users/adrian12/Documents/JS-PHP25-26/PHP/examen 5ULTIMO/PARTE2/ejemploApi/apis/vendor/laravel/framework/src/Illuminate/Pipeline/Pipeline.php(219): Illuminate\\Http\\Middleware\\ValidatePathEncoding->handle(Object(Illuminate\\Http\\Request), Object(Closure))
#37 /Users/adrian12/Documents/JS-PHP25-26/PHP/examen 5ULTIMO/PARTE2/ejemploApi/apis/vendor/laravel/framework/src/Illuminate/Pipeline/Pipeline.php(137): Illuminate\\Pipeline\\Pipeline->Illuminate\\Pipeline\\{closure}(Object(Illuminate\\Http\\Request))
#38 /Users/adrian12/Documents/JS-PHP25-26/PHP/examen 5ULTIMO/PARTE2/ejemploApi/apis/vendor/laravel/framework/src/Illuminate/Foundation/Http/Kernel.php(175): Illuminate\\Pipeline\\Pipeline->then(Object(Closure))
#39 /Users/adrian12/Documents/JS-PHP25-26/PHP/examen 5ULTIMO/PARTE2/ejemploApi/apis/vendor/laravel/framework/src/Illuminate/Foundation/Http/Kernel.php(144): Illuminate\\Foundation\\Http\\Kernel->sendRequestThroughRouter(Object(Illuminate\\Http\\Request))
#40 /Users/adrian12/Documents/JS-PHP25-26/PHP/examen 5ULTIMO/PARTE2/ejemploApi/apis/vendor/laravel/framework/src/Illuminate/Foundation/Application.php(1220): Illuminate\\Foundation\\Http\\Kernel->handle(Object(Illuminate\\Http\\Request))
#41 /Users/adrian12/Documents/JS-PHP25-26/PHP/examen 5ULTIMO/PARTE2/ejemploApi/apis/public/index.php(20): Illuminate\\Foundation\\Application->handleRequest(Object(Illuminate\\Http\\Request))
#42 /Users/adrian12/Documents/JS-PHP25-26/PHP/examen 5ULTIMO/PARTE2/ejemploApi/apis/vendor/laravel/framework/src/Illuminate/Foundation/resources/server.php(23): require_once('/Users/adrian12...')
#43 {main}
"} 
[2026-02-09 09:51:29] local.ERROR: Target class [NoteController] does not exist. {"exception":"[object] (Illuminate\\Contracts\\Container\\BindingResolutionException(code: 0): Target class [NoteController] does not exist. at /Users/adrian12/Documents/JS-PHP25-26/PHP/examen 5ULTIMO/PARTE2/ejemploApi/apis/vendor/laravel/framework/src/Illuminate/Container/Container.php:1124)
[stacktrace]
#0 /Users/adrian12/Documents/JS-PHP25-26/PHP/examen 5ULTIMO/PARTE2/ejemploApi/apis/vendor/laravel/framework/src/Illuminate/Container/Container.php(933): Illuminate\\Container\\Container->build('NoteController')
#1 /Users/adrian12/Documents/JS-PHP25-26/PHP/examen 5ULTIMO/PARTE2/ejemploApi/apis/vendor/laravel/framework/src/Illuminate/Foundation/Application.php(1078): Illuminate\\Container\\Container->resolve('NoteController', Array, true)
#2 /Users/adrian12/Documents/JS-PHP25-26/PHP/examen 5ULTIMO/PARTE2/ejemploApi/apis/vendor/laravel/framework/src/Illuminate/Container/Container.php(864): Illuminate\\Foundation\\Application->resolve('NoteController', Array)
#3 /Users/adrian12/Documents/JS-PHP25-26/PHP/examen 5ULTIMO/PARTE2/ejemploApi/apis/vendor/laravel/framework/src/Illuminate/Foundation/Application.php(1058): Illuminate\\Container\\Container->make('NoteController', Array)
#4 /Users/adrian12/Documents/JS-PHP25-26/PHP/examen 5ULTIMO/PARTE2/ejemploApi/apis/vendor/laravel/framework/src/Illuminate/Routing/Route.php(286): Illuminate\\Foundation\\Application->make('NoteController')
#5 /Users/adrian12/Documents/JS-PHP25-26/PHP/examen 5ULTIMO/PARTE2/ejemploApi/apis/vendor/laravel/framework/src/Illuminate/Routing/Route.php(266): Illuminate\\Routing\\Route->getController()
#6 /Users/adrian12/Documents/JS-PHP25-26/PHP/examen 5ULTIMO/PARTE2/ejemploApi/apis/vendor/laravel/framework/src/Illuminate/Routing/Route.php(211): Illuminate\\Routing\\Route->runController()
#7 /Users/adrian12/Documents/JS-PHP25-26/PHP/examen 5ULTIMO/PARTE2/ejemploApi/apis/vendor/laravel/framework/src/Illuminate/Routing/Router.php(822): Illuminate\\Routing\\Route->run()
#8 /Users/adrian12/Documents/JS-PHP25-26/PHP/examen 5ULTIMO/PARTE2/ejemploApi/apis/vendor/laravel/framework/src/Illuminate/Pipeline/Pipeline.php(180): Illuminate\\Routing\\Router->Illuminate\\Routing\\{closure}(Object(Illuminate\\Http\\Request))
#9 /Users/adrian12/Documents/JS-PHP25-26/PHP/examen 5ULTIMO/PARTE2/ejemploApi/apis/vendor/laravel/framework/src/Illuminate/Routing/Middleware/SubstituteBindings.php(50): Illuminate\\Pipeline\\Pipeline->Illuminate\\Pipeline\\{closure}(Object(Illuminate\\Http\\Request))
#10 /Users/adrian12/Documents/JS-PHP25-26/PHP/examen 5ULTIMO/PARTE2/ejemploApi/apis/vendor/laravel/framework/src/Illuminate/Pipeline/Pipeline.php(219): Illuminate\\Routing\\Middleware\\SubstituteBindings->handle(Object(Illuminate\\Http\\Request), Object(Closure))
#11 /Users/adrian12/Documents/JS-PHP25-26/PHP/examen 5ULTIMO/PARTE2/ejemploApi/apis/vendor/laravel/framework/src/Illuminate/Pipeline/Pipeline.php(137): Illuminate\\Pipeline\\Pipeline->Illuminate\\Pipeline\\{closure}(Object(Illuminate\\Http\\Request))
#12 /Users/adrian12/Documents/JS-PHP25-26/PHP/examen 5ULTIMO/PARTE2/ejemploApi/apis/vendor/laravel/framework/src/Illuminate/Routing/Router.php(821): Illuminate\\Pipeline\\Pipeline->then(Object(Closure))
#13 /Users/adrian12/Documents/JS-PHP25-26/PHP/examen 5ULTIMO/PARTE2/ejemploApi/apis/vendor/laravel/framework/src/Illuminate/Routing/Router.php(800): Illuminate\\Routing\\Router->runRouteWithinStack(Object(Illuminate\\Routing\\Route), Object(Illuminate\\Http\\Request))
#14 /Users/adrian12/Documents/JS-PHP25-26/PHP/examen 5ULTIMO/PARTE2/ejemploApi/apis/vendor/laravel/framework/src/Illuminate/Routing/Router.php(764): Illuminate\\Routing\\Router->runRoute(Object(Illuminate\\Http\\Request), Object(Illuminate\\Routing\\Route))
#15 /Users/adrian12/Documents/JS-PHP25-26/PHP/examen 5ULTIMO/PARTE2/ejemploApi/apis/vendor/laravel/framework/src/Illuminate/Routing/Router.php(753): Illuminate\\Routing\\Router->dispatchToRoute(Object(Illuminate\\Http\\Request))
#16 /Users/adrian12/Documents/JS-PHP25-26/PHP/examen 5ULTIMO/PARTE2/ejemploApi/apis/vendor/laravel/framework/src/Illuminate/Foundation/Http/Kernel.php(200): Illuminate\\Routing\\Router->dispatch(Object(Illuminate\\Http\\Request))
#17 /Users/adrian12/Documents/JS-PHP25-26/PHP/examen 5ULTIMO/PARTE2/ejemploApi/apis/vendor/laravel/framework/src/Illuminate/Pipeline/Pipeline.php(180): Illuminate\\Foundation\\Http\\Kernel->Illuminate\\Foundation\\Http\\{closure}(Object(Illuminate\\Http\\Request))
#18 /Users/adrian12/Documents/JS-PHP25-26/PHP/examen 5ULTIMO/PARTE2/ejemploApi/apis/vendor/laravel/framework/src/Illuminate/Foundation/Http/Middleware/TransformsRequest.php(21): Illuminate\\Pipeline\\Pipeline->Illuminate\\Pipeline\\{closure}(Object(Illuminate\\Http\\Request))
#19 /Users/adrian12/Documents/JS-PHP25-26/PHP/examen 5ULTIMO/PARTE2/ejemploApi/apis/vendor/laravel/framework/src/Illuminate/Foundation/Http/Middleware/ConvertEmptyStringsToNull.php(31): Illuminate\\Foundation\\Http\\Middleware\\TransformsRequest->handle(Object(Illuminate\\Http\\Request), Object(Closure))
#20 /Users/adrian12/Documents/JS-PHP25-26/PHP/examen 5ULTIMO/PARTE2/ejemploApi/apis/vendor/laravel/framework/src/Illuminate/Pipeline/Pipeline.php(219): Illuminate\\Foundation\\Http\\Middleware\\ConvertEmptyStringsToNull->handle(Object(Illuminate\\Http\\Request), Object(Closure))
#21 /Users/adrian12/Documents/JS-PHP25-26/PHP/examen 5ULTIMO/PARTE2/ejemploApi/apis/vendor/laravel/framework/src/Illuminate/Foundation/Http/Middleware/TransformsRequest.php(21): Illuminate\\Pipeline\\Pipeline->Illuminate\\Pipeline\\{closure}(Object(Illuminate\\Http\\Request))
#22 /Users/adrian12/Documents/JS-PHP25-26/PHP/examen 5ULTIMO/PARTE2/ejemploApi/apis/vendor/laravel/framework/src/Illuminate/Foundation/Http/Middleware/TrimStrings.php(51): Illuminate\\Foundation\\Http\\Middleware\\TransformsRequest->handle(Object(Illuminate\\Http\\Request), Object(Closure))
#23 /Users/adrian12/Documents/JS-PHP25-26/PHP/examen 5ULTIMO/PARTE2/ejemploApi/apis/vendor/laravel/framework/src/Illuminate/Pipeline/Pipeline.php(219): Illuminate\\Foundation\\Http\\Middleware\\TrimStrings->handle(Object(Illuminate\\Http\\Request), Object(Closure))
#24 /Users/adrian12/Documents/JS-PHP25-26/PHP/examen 5ULTIMO/PARTE2/ejemploApi/apis/vendor/laravel/framework/src/Illuminate/Http/Middleware/ValidatePostSize.php(27): Illuminate\\Pipeline\\Pipeline->Illuminate\\Pipeline\\{closure}(Object(Illuminate\\Http\\Request))
#25 /Users/adrian12/Documents/JS-PHP25-26/PHP/examen 5ULTIMO/PARTE2/ejemploApi/apis/vendor/laravel/framework/src/Illuminate/Pipeline/Pipeline.php(219): Illuminate\\Http\\Middleware\\ValidatePostSize->handle(Object(Illuminate\\Http\\Request), Object(Closure))
#26 /Users/adrian12/Documents/JS-PHP25-26/PHP/examen 5ULTIMO/PARTE2/ejemploApi/apis/vendor/laravel/framework/src/Illuminate/Foundation/Http/Middleware/PreventRequestsDuringMaintenance.php(109): Illuminate\\Pipeline\\Pipeline->Illuminate\\Pipeline\\{closure}(Object(Illuminate\\Http\\Request))
#27 /Users/adrian12/Documents/JS-PHP25-26/PHP/examen 5ULTIMO/PARTE2/ejemploApi/apis/vendor/laravel/framework/src/Illuminate/Pipeline/Pipeline.php(219): Illuminate\\Foundation\\Http\\Middleware\\PreventRequestsDuringMaintenance->handle(Object(Illuminate\\Http\\Request), Object(Closure))
#28 /Users/adrian12/Documents/JS-PHP25-26/PHP/examen 5ULTIMO/PARTE2/ejemploApi/apis/vendor/laravel/framework/src/Illuminate/Http/Middleware/HandleCors.php(74): Illuminate\\Pipeline\\Pipeline->Illuminate\\Pipeline\\{closure}(Object(Illuminate\\Http\\Request))
#29 /Users/adrian12/Documents/JS-PHP25-26/PHP/examen 5ULTIMO/PARTE2/ejemploApi/apis/vendor/laravel/framework/src/Illuminate/Pipeline/Pipeline.php(219): Illuminate\\Http\\Middleware\\HandleCors->handle(Object(Illuminate\\Http\\Request), Object(Closure))
#30 /Users/adrian12/Documents/JS-PHP25-26/PHP/examen 5ULTIMO/PARTE2/ejemploApi/apis/vendor/laravel/framework/src/Illuminate/Http/Middleware/TrustProxies.php(58): Illuminate\\Pipeline\\Pipeline->Illuminate\\Pipeline\\{closure}(Object(Illuminate\\Http\\Request))
#31 /Users/adrian12/Documents/JS-PHP25-26/PHP/examen 5ULTIMO/PARTE2/ejemploApi/apis/vendor/laravel/framework/src/Illuminate/Pipeline/Pipeline.php(219): Illuminate\\Http\\Middleware\\TrustProxies->handle(Object(Illuminate\\Http\\Request), Object(Closure))
#32 /Users/adrian12/Documents/JS-PHP25-26/PHP/examen 5ULTIMO/PARTE2/ejemploApi/apis/vendor/laravel/framework/src/Illuminate/Foundation/Http/Middleware/InvokeDeferredCallbacks.php(22): Illuminate\\Pipeline\\Pipeline->Illuminate\\Pipeline\\{closure}(Object(Illuminate\\Http\\Request))
#33 /Users/adrian12/Documents/JS-PHP25-26/PHP/examen 5ULTIMO/PARTE2/ejemploApi/apis/vendor/laravel/framework/src/Illuminate/Pipeline/Pipeline.php(219): Illuminate\\Foundation\\Http\\Middleware\\InvokeDeferredCallbacks->handle(Object(Illuminate\\Http\\Request), Object(Closure))
#34 /Users/adrian12/Documents/JS-PHP25-26/PHP/examen 5ULTIMO/PARTE2/ejemploApi/apis/vendor/laravel/framework/src/Illuminate/Http/Middleware/ValidatePathEncoding.php(26): Illuminate\\Pipeline\\Pipeline->Illuminate\\Pipeline\\{closure}(Object(Illuminate\\Http\\Request))
#35 /Users/adrian12/Documents/JS-PHP25-26/PHP/examen 5ULTIMO/PARTE2/ejemploApi/apis/vendor/laravel/framework/src/Illuminate/Pipeline/Pipeline.php(219): Illuminate\\Http\\Middleware\\ValidatePathEncoding->handle(Object(Illuminate\\Http\\Request), Object(Closure))
#36 /Users/adrian12/Documents/JS-PHP25-26/PHP/examen 5ULTIMO/PARTE2/ejemploApi/apis/vendor/laravel/framework/src/Illuminate/Pipeline/Pipeline.php(137): Illuminate\\Pipeline\\Pipeline->Illuminate\\Pipeline\\{closure}(Object(Illuminate\\Http\\Request))
#37 /Users/adrian12/Documents/JS-PHP25-26/PHP/examen 5ULTIMO/PARTE2/ejemploApi/apis/vendor/laravel/framework/src/Illuminate/Foundation/Http/Kernel.php(175): Illuminate\\Pipeline\\Pipeline->then(Object(Closure))
#38 /Users/adrian12/Documents/JS-PHP25-26/PHP/examen 5ULTIMO/PARTE2/ejemploApi/apis/vendor/laravel/framework/src/Illuminate/Foundation/Http/Kernel.php(144): Illuminate\\Foundation\\Http\\Kernel->sendRequestThroughRouter(Object(Illuminate\\Http\\Request))
#39 /Users/adrian12/Documents/JS-PHP25-26/PHP/examen 5ULTIMO/PARTE2/ejemploApi/apis/vendor/laravel/framework/src/Illuminate/Foundation/Application.php(1220): Illuminate\\Foundation\\Http\\Kernel->handle(Object(Illuminate\\Http\\Request))
#40 /Users/adrian12/Documents/JS-PHP25-26/PHP/examen 5ULTIMO/PARTE2/ejemploApi/apis/public/index.php(20): Illuminate\\Foundation\\Application->handleRequest(Object(Illuminate\\Http\\Request))
#41 /Users/adrian12/Documents/JS-PHP25-26/PHP/examen 5ULTIMO/PARTE2/ejemploApi/apis/vendor/laravel/framework/src/Illuminate/Foundation/resources/server.php(23): require_once('/Users/adrian12...')
#42 {main}

[previous exception] [object] (ReflectionException(code: -1): Class \"NoteController\" does not exist at /Users/adrian12/Documents/JS-PHP25-26/PHP/examen 5ULTIMO/PARTE2/ejemploApi/apis/vendor/laravel/framework/src/Illuminate/Container/Container.php:1122)
[stacktrace]
#0 /Users/adrian12/Documents/JS-PHP25-26/PHP/examen 5ULTIMO/PARTE2/ejemploApi/apis/vendor/laravel/framework/src/Illuminate/Container/Container.php(1122): ReflectionClass->__construct('NoteController')
#1 /Users/adrian12/Documents/JS-PHP25-26/PHP/examen 5ULTIMO/PARTE2/ejemploApi/apis/vendor/laravel/framework/src/Illuminate/Container/Container.php(933): Illuminate\\Container\\Container->build('NoteController')
#2 /Users/adrian12/Documents/JS-PHP25-26/PHP/examen 5ULTIMO/PARTE2/ejemploApi/apis/vendor/laravel/framework/src/Illuminate/Foundation/Application.php(1078): Illuminate\\Container\\Container->resolve('NoteController', Array, true)
#3 /Users/adrian12/Documents/JS-PHP25-26/PHP/examen 5ULTIMO/PARTE2/ejemploApi/apis/vendor/laravel/framework/src/Illuminate/Container/Container.php(864): Illuminate\\Foundation\\Application->resolve('NoteController', Array)
#4 /Users/adrian12/Documents/JS-PHP25-26/PHP/examen 5ULTIMO/PARTE2/ejemploApi/apis/vendor/laravel/framework/src/Illuminate/Foundation/Application.php(1058): Illuminate\\Container\\Container->make('NoteController', Array)
#5 /Users/adrian12/Documents/JS-PHP25-26/PHP/examen 5ULTIMO/PARTE2/ejemploApi/apis/vendor/laravel/framework/src/Illuminate/Routing/Route.php(286): Illuminate\\Foundation\\Application->make('NoteController')
#6 /Users/adrian12/Documents/JS-PHP25-26/PHP/examen 5ULTIMO/PARTE2/ejemploApi/apis/vendor/laravel/framework/src/Illuminate/Routing/Route.php(266): Illuminate\\Routing\\Route->getController()
#7 /Users/adrian12/Documents/JS-PHP25-26/PHP/examen 5ULTIMO/PARTE2/ejemploApi/apis/vendor/laravel/framework/src/Illuminate/Routing/Route.php(211): Illuminate\\Routing\\Route->runController()
#8 /Users/adrian12/Documents/JS-PHP25-26/PHP/examen 5ULTIMO/PARTE2/ejemploApi/apis/vendor/laravel/framework/src/Illuminate/Routing/Router.php(822): Illuminate\\Routing\\Route->run()
#9 /Users/adrian12/Documents/JS-PHP25-26/PHP/examen 5ULTIMO/PARTE2/ejemploApi/apis/vendor/laravel/framework/src/Illuminate/Pipeline/Pipeline.php(180): Illuminate\\Routing\\Router->Illuminate\\Routing\\{closure}(Object(Illuminate\\Http\\Request))
#10 /Users/adrian12/Documents/JS-PHP25-26/PHP/examen 5ULTIMO/PARTE2/ejemploApi/apis/vendor/laravel/framework/src/Illuminate/Routing/Middleware/SubstituteBindings.php(50): Illuminate\\Pipeline\\Pipeline->Illuminate\\Pipeline\\{closure}(Object(Illuminate\\Http\\Request))
#11 /Users/adrian12/Documents/JS-PHP25-26/PHP/examen 5ULTIMO/PARTE2/ejemploApi/apis/vendor/laravel/framework/src/Illuminate/Pipeline/Pipeline.php(219): Illuminate\\Routing\\Middleware\\SubstituteBindings->handle(Object(Illuminate\\Http\\Request), Object(Closure))
#12 /Users/adrian12/Documents/JS-PHP25-26/PHP/examen 5ULTIMO/PARTE2/ejemploApi/apis/vendor/laravel/framework/src/Illuminate/Pipeline/Pipeline.php(137): Illuminate\\Pipeline\\Pipeline->Illuminate\\Pipeline\\{closure}(Object(Illuminate\\Http\\Request))
#13 /Users/adrian12/Documents/JS-PHP25-26/PHP/examen 5ULTIMO/PARTE2/ejemploApi/apis/vendor/laravel/framework/src/Illuminate/Routing/Router.php(821): Illuminate\\Pipeline\\Pipeline->then(Object(Closure))
#14 /Users/adrian12/Documents/JS-PHP25-26/PHP/examen 5ULTIMO/PARTE2/ejemploApi/apis/vendor/laravel/framework/src/Illuminate/Routing/Router.php(800): Illuminate\\Routing\\Router->runRouteWithinStack(Object(Illuminate\\Routing\\Route), Object(Illuminate\\Http\\Request))
#15 /Users/adrian12/Documents/JS-PHP25-26/PHP/examen 5ULTIMO/PARTE2/ejemploApi/apis/vendor/laravel/framework/src/Illuminate/Routing/Router.php(764): Illuminate\\Routing\\Router->runRoute(Object(Illuminate\\Http\\Request), Object(Illuminate\\Routing\\Route))
#16 /Users/adrian12/Documents/JS-PHP25-26/PHP/examen 5ULTIMO/PARTE2/ejemploApi/apis/vendor/laravel/framework/src/Illuminate/Routing/Router.php(753): Illuminate\\Routing\\Router->dispatchToRoute(Object(Illuminate\\Http\\Request))
#17 /Users/adrian12/Documents/JS-PHP25-26/PHP/examen 5ULTIMO/PARTE2/ejemploApi/apis/vendor/laravel/framework/src/Illuminate/Foundation/Http/Kernel.php(200): Illuminate\\Routing\\Router->dispatch(Object(Illuminate\\Http\\Request))
#18 /Users/adrian12/Documents/JS-PHP25-26/PHP/examen 5ULTIMO/PARTE2/ejemploApi/apis/vendor/laravel/framework/src/Illuminate/Pipeline/Pipeline.php(180): Illuminate\\Foundation\\Http\\Kernel->Illuminate\\Foundation\\Http\\{closure}(Object(Illuminate\\Http\\Request))
#19 /Users/adrian12/Documents/JS-PHP25-26/PHP/examen 5ULTIMO/PARTE2/ejemploApi/apis/vendor/laravel/framework/src/Illuminate/Foundation/Http/Middleware/TransformsRequest.php(21): Illuminate\\Pipeline\\Pipeline->Illuminate\\Pipeline\\{closure}(Object(Illuminate\\Http\\Request))
#20 /Users/adrian12/Documents/JS-PHP25-26/PHP/examen 5ULTIMO/PARTE2/ejemploApi/apis/vendor/laravel/framework/src/Illuminate/Foundation/Http/Middleware/ConvertEmptyStringsToNull.php(31): Illuminate\\Foundation\\Http\\Middleware\\TransformsRequest->handle(Object(Illuminate\\Http\\Request), Object(Closure))
#21 /Users/adrian12/Documents/JS-PHP25-26/PHP/examen 5ULTIMO/PARTE2/ejemploApi/apis/vendor/laravel/framework/src/Illuminate/Pipeline/Pipeline.php(219): Illuminate\\Foundation\\Http\\Middleware\\ConvertEmptyStringsToNull->handle(Object(Illuminate\\Http\\Request), Object(Closure))
#22 /Users/adrian12/Documents/JS-PHP25-26/PHP/examen 5ULTIMO/PARTE2/ejemploApi/apis/vendor/laravel/framework/src/Illuminate/Foundation/Http/Middleware/TransformsRequest.php(21): Illuminate\\Pipeline\\Pipeline->Illuminate\\Pipeline\\{closure}(Object(Illuminate\\Http\\Request))
#23 /Users/adrian12/Documents/JS-PHP25-26/PHP/examen 5ULTIMO/PARTE2/ejemploApi/apis/vendor/laravel/framework/src/Illuminate/Foundation/Http/Middleware/TrimStrings.php(51): Illuminate\\Foundation\\Http\\Middleware\\TransformsRequest->handle(Object(Illuminate\\Http\\Request), Object(Closure))
#24 /Users/adrian12/Documents/JS-PHP25-26/PHP/examen 5ULTIMO/PARTE2/ejemploApi/apis/vendor/laravel/framework/src/Illuminate/Pipeline/Pipeline.php(219): Illuminate\\Foundation\\Http\\Middleware\\TrimStrings->handle(Object(Illuminate\\Http\\Request), Object(Closure))
#25 /Users/adrian12/Documents/JS-PHP25-26/PHP/examen 5ULTIMO/PARTE2/ejemploApi/apis/vendor/laravel/framework/src/Illuminate/Http/Middleware/ValidatePostSize.php(27): Illuminate\\Pipeline\\Pipeline->Illuminate\\Pipeline\\{closure}(Object(Illuminate\\Http\\Request))
#26 /Users/adrian12/Documents/JS-PHP25-26/PHP/examen 5ULTIMO/PARTE2/ejemploApi/apis/vendor/laravel/framework/src/Illuminate/Pipeline/Pipeline.php(219): Illuminate\\Http\\Middleware\\ValidatePostSize->handle(Object(Illuminate\\Http\\Request), Object(Closure))
#27 /Users/adrian12/Documents/JS-PHP25-26/PHP/examen 5ULTIMO/PARTE2/ejemploApi/apis/vendor/laravel/framework/src/Illuminate/Foundation/Http/Middleware/PreventRequestsDuringMaintenance.php(109): Illuminate\\Pipeline\\Pipeline->Illuminate\\Pipeline\\{closure}(Object(Illuminate\\Http\\Request))
#28 /Users/adrian12/Documents/JS-PHP25-26/PHP/examen 5ULTIMO/PARTE2/ejemploApi/apis/vendor/laravel/framework/src/Illuminate/Pipeline/Pipeline.php(219): Illuminate\\Foundation\\Http\\Middleware\\PreventRequestsDuringMaintenance->handle(Object(Illuminate\\Http\\Request), Object(Closure))
#29 /Users/adrian12/Documents/JS-PHP25-26/PHP/examen 5ULTIMO/PARTE2/ejemploApi/apis/vendor/laravel/framework/src/Illuminate/Http/Middleware/HandleCors.php(74): Illuminate\\Pipeline\\Pipeline->Illuminate\\Pipeline\\{closure}(Object(Illuminate\\Http\\Request))
#30 /Users/adrian12/Documents/JS-PHP25-26/PHP/examen 5ULTIMO/PARTE2/ejemploApi/apis/vendor/laravel/framework/src/Illuminate/Pipeline/Pipeline.php(219): Illuminate\\Http\\Middleware\\HandleCors->handle(Object(Illuminate\\Http\\Request), Object(Closure))
#31 /Users/adrian12/Documents/JS-PHP25-26/PHP/examen 5ULTIMO/PARTE2/ejemploApi/apis/vendor/laravel/framework/src/Illuminate/Http/Middleware/TrustProxies.php(58): Illuminate\\Pipeline\\Pipeline->Illuminate\\Pipeline\\{closure}(Object(Illuminate\\Http\\Request))
#32 /Users/adrian12/Documents/JS-PHP25-26/PHP/examen 5ULTIMO/PARTE2/ejemploApi/apis/vendor/laravel/framework/src/Illuminate/Pipeline/Pipeline.php(219): Illuminate\\Http\\Middleware\\TrustProxies->handle(Object(Illuminate\\Http\\Request), Object(Closure))
#33 /Users/adrian12/Documents/JS-PHP25-26/PHP/examen 5ULTIMO/PARTE2/ejemploApi/apis/vendor/laravel/framework/src/Illuminate/Foundation/Http/Middleware/InvokeDeferredCallbacks.php(22): Illuminate\\Pipeline\\Pipeline->Illuminate\\Pipeline\\{closure}(Object(Illuminate\\Http\\Request))
#34 /Users/adrian12/Documents/JS-PHP25-26/PHP/examen 5ULTIMO/PARTE2/ejemploApi/apis/vendor/laravel/framework/src/Illuminate/Pipeline/Pipeline.php(219): Illuminate\\Foundation\\Http\\Middleware\\InvokeDeferredCallbacks->handle(Object(Illuminate\\Http\\Request), Object(Closure))
#35 /Users/adrian12/Documents/JS-PHP25-26/PHP/examen 5ULTIMO/PARTE2/ejemploApi/apis/vendor/laravel/framework/src/Illuminate/Http/Middleware/ValidatePathEncoding.php(26): Illuminate\\Pipeline\\Pipeline->Illuminate\\Pipeline\\{closure}(Object(Illuminate\\Http\\Request))
#36 /Users/adrian12/Documents/JS-PHP25-26/PHP/examen 5ULTIMO/PARTE2/ejemploApi/apis/vendor/laravel/framework/src/Illuminate/Pipeline/Pipeline.php(219): Illuminate\\Http\\Middleware\\ValidatePathEncoding->handle(Object(Illuminate\\Http\\Request), Object(Closure))
#37 /Users/adrian12/Documents/JS-PHP25-26/PHP/examen 5ULTIMO/PARTE2/ejemploApi/apis/vendor/laravel/framework/src/Illuminate/Pipeline/Pipeline.php(137): Illuminate\\Pipeline\\Pipeline->Illuminate\\Pipeline\\{closure}(Object(Illuminate\\Http\\Request))
#38 /Users/adrian12/Documents/JS-PHP25-26/PHP/examen 5ULTIMO/PARTE2/ejemploApi/apis/vendor/laravel/framework/src/Illuminate/Foundation/Http/Kernel.php(175): Illuminate\\Pipeline\\Pipeline->then(Object(Closure))
#39 /Users/adrian12/Documents/JS-PHP25-26/PHP/examen 5ULTIMO/PARTE2/ejemploApi/apis/vendor/laravel/framework/src/Illuminate/Foundation/Http/Kernel.php(144): Illuminate\\Foundation\\Http\\Kernel->sendRequestThroughRouter(Object(Illuminate\\Http\\Request))
#40 /Users/adrian12/Documents/JS-PHP25-26/PHP/examen 5ULTIMO/PARTE2/ejemploApi/apis/vendor/laravel/framework/src/Illuminate/Foundation/Application.php(1220): Illuminate\\Foundation\\Http\\Kernel->handle(Object(Illuminate\\Http\\Request))
#41 /Users/adrian12/Documents/JS-PHP25-26/PHP/examen 5ULTIMO/PARTE2/ejemploApi/apis/public/index.php(20): Illuminate\\Foundation\\Application->handleRequest(Object(Illuminate\\Http\\Request))
#42 /Users/adrian12/Documents/JS-PHP25-26/PHP/examen 5ULTIMO/PARTE2/ejemploApi/apis/vendor/laravel/framework/src/Illuminate/Foundation/resources/server.php(23): require_once('/Users/adrian12...')
#43 {main}
"} 
[2026-02-09 10:18:37] local.ERROR: Call to undefined function Database\Seeders\bcryupt() {"exception":"[object] (Error(code: 0): Call to undefined function Database\\Seeders\\bcryupt() at /Users/adrian12/Documents/JS-PHP25-26/PHP/examen 5ULTIMO/PARTE2/ejemploApi/apis/database/seeders/DatabaseSeeder.php:23)
[stacktrace]
#0 /Users/adrian12/Documents/JS-PHP25-26/PHP/examen 5ULTIMO/PARTE2/ejemploApi/apis/vendor/laravel/framework/src/Illuminate/Container/BoundMethod.php(36): Database\\Seeders\\DatabaseSeeder->run()
#1 /Users/adrian12/Documents/JS-PHP25-26/PHP/examen 5ULTIMO/PARTE2/ejemploApi/apis/vendor/laravel/framework/src/Illuminate/Container/Util.php(43): Illuminate\\Container\\BoundMethod::Illuminate\\Container\\{closure}()
#2 /Users/adrian12/Documents/JS-PHP25-26/PHP/examen 5ULTIMO/PARTE2/ejemploApi/apis/vendor/laravel/framework/src/Illuminate/Container/BoundMethod.php(96): Illuminate\\Container\\Util::unwrapIfClosure(Object(Closure))
#3 /Users/adrian12/Documents/JS-PHP25-26/PHP/examen 5ULTIMO/PARTE2/ejemploApi/apis/vendor/laravel/framework/src/Illuminate/Container/BoundMethod.php(35): Illuminate\\Container\\BoundMethod::callBoundMethod(Object(Illuminate\\Foundation\\Application), Array, Object(Closure))
#4 /Users/adrian12/Documents/JS-PHP25-26/PHP/examen 5ULTIMO/PARTE2/ejemploApi/apis/vendor/laravel/framework/src/Illuminate/Container/Container.php(799): Illuminate\\Container\\BoundMethod::call(Object(Illuminate\\Foundation\\Application), Array, Array, NULL)
#5 /Users/adrian12/Documents/JS-PHP25-26/PHP/examen 5ULTIMO/PARTE2/ejemploApi/apis/vendor/laravel/framework/src/Illuminate/Database/Seeder.php(184): Illuminate\\Container\\Container->call(Array, Array)
#6 /Users/adrian12/Documents/JS-PHP25-26/PHP/examen 5ULTIMO/PARTE2/ejemploApi/apis/vendor/laravel/framework/src/Illuminate/Database/Eloquent/Concerns/HasEvents.php(454): Illuminate\\Database\\Seeder->Illuminate\\Database\\{closure}()
#7 /Users/adrian12/Documents/JS-PHP25-26/PHP/examen 5ULTIMO/PARTE2/ejemploApi/apis/vendor/laravel/framework/src/Illuminate/Database/Console/Seeds/WithoutModelEvents.php(17): Illuminate\\Database\\Eloquent\\Model::withoutEvents(Object(Closure))
#8 /Users/adrian12/Documents/JS-PHP25-26/PHP/examen 5ULTIMO/PARTE2/ejemploApi/apis/vendor/laravel/framework/src/Illuminate/Database/Seeder.php(193): Database\\Seeders\\DatabaseSeeder->Illuminate\\Database\\Console\\Seeds\\{closure}()
#9 /Users/adrian12/Documents/JS-PHP25-26/PHP/examen 5ULTIMO/PARTE2/ejemploApi/apis/vendor/laravel/framework/src/Illuminate/Database/Console/Seeds/SeedCommand.php(71): Illuminate\\Database\\Seeder->__invoke()
#10 /Users/adrian12/Documents/JS-PHP25-26/PHP/examen 5ULTIMO/PARTE2/ejemploApi/apis/vendor/laravel/framework/src/Illuminate/Database/Eloquent/Concerns/GuardsAttributes.php(157): Illuminate\\Database\\Console\\Seeds\\SeedCommand->Illuminate\\Database\\Console\\Seeds\\{closure}()
#11 /Users/adrian12/Documents/JS-PHP25-26/PHP/examen 5ULTIMO/PARTE2/ejemploApi/apis/vendor/laravel/framework/src/Illuminate/Database/Console/Seeds/SeedCommand.php(70): Illuminate\\Database\\Eloquent\\Model::unguarded(Object(Closure))
#12 /Users/adrian12/Documents/JS-PHP25-26/PHP/examen 5ULTIMO/PARTE2/ejemploApi/apis/vendor/laravel/framework/src/Illuminate/Container/BoundMethod.php(36): Illuminate\\Database\\Console\\Seeds\\SeedCommand->handle()
#13 /Users/adrian12/Documents/JS-PHP25-26/PHP/examen 5ULTIMO/PARTE2/ejemploApi/apis/vendor/laravel/framework/src/Illuminate/Container/Util.php(43): Illuminate\\Container\\BoundMethod::Illuminate\\Container\\{closure}()
#14 /Users/adrian12/Documents/JS-PHP25-26/PHP/examen 5ULTIMO/PARTE2/ejemploApi/apis/vendor/laravel/framework/src/Illuminate/Container/BoundMethod.php(96): Illuminate\\Container\\Util::unwrapIfClosure(Object(Closure))
#15 /Users/adrian12/Documents/JS-PHP25-26/PHP/examen 5ULTIMO/PARTE2/ejemploApi/apis/vendor/laravel/framework/src/Illuminate/Container/BoundMethod.php(35): Illuminate\\Container\\BoundMethod::callBoundMethod(Object(Illuminate\\Foundation\\Application), Array, Object(Closure))
#16 /Users/adrian12/Documents/JS-PHP25-26/PHP/examen 5ULTIMO/PARTE2/ejemploApi/apis/vendor/laravel/framework/src/Illuminate/Container/Container.php(799): Illuminate\\Container\\BoundMethod::call(Object(Illuminate\\Foundation\\Application), Array, Array, NULL)
#17 /Users/adrian12/Documents/JS-PHP25-26/PHP/examen 5ULTIMO/PARTE2/ejemploApi/apis/vendor/laravel/framework/src/Illuminate/Console/Command.php(211): Illuminate\\Container\\Container->call(Array)
#18 /Users/adrian12/Documents/JS-PHP25-26/PHP/examen 5ULTIMO/PARTE2/ejemploApi/apis/vendor/symfony/console/Command/Command.php(341): Illuminate\\Console\\Command->execute(Object(Symfony\\Component\\Console\\Input\\ArgvInput), Object(Illuminate\\Console\\OutputStyle))
#19 /Users/adrian12/Documents/JS-PHP25-26/PHP/examen 5ULTIMO/PARTE2/ejemploApi/apis/vendor/laravel/framework/src/Illuminate/Console/Command.php(180): Symfony\\Component\\Console\\Command\\Command->run(Object(Symfony\\Component\\Console\\Input\\ArgvInput), Object(Illuminate\\Console\\OutputStyle))
#20 /Users/adrian12/Documents/JS-PHP25-26/PHP/examen 5ULTIMO/PARTE2/ejemploApi/apis/vendor/symfony/console/Application.php(1102): Illuminate\\Console\\Command->run(Object(Symfony\\Component\\Console\\Input\\ArgvInput), Object(Symfony\\Component\\Console\\Output\\ConsoleOutput))
#21 /Users/adrian12/Documents/JS-PHP25-26/PHP/examen 5ULTIMO/PARTE2/ejemploApi/apis/vendor/symfony/console/Application.php(356): Symfony\\Component\\Console\\Application->doRunCommand(Object(Illuminate\\Database\\Console\\Seeds\\SeedCommand), Object(Symfony\\Component\\Console\\Input\\ArgvInput), Object(Symfony\\Component\\Console\\Output\\ConsoleOutput))
#22 /Users/adrian12/Documents/JS-PHP25-26/PHP/examen 5ULTIMO/PARTE2/ejemploApi/apis/vendor/symfony/console/Application.php(195): Symfony\\Component\\Console\\Application->doRun(Object(Symfony\\Component\\Console\\Input\\ArgvInput), Object(Symfony\\Component\\Console\\Output\\ConsoleOutput))
#23 /Users/adrian12/Documents/JS-PHP25-26/PHP/examen 5ULTIMO/PARTE2/ejemploApi/apis/vendor/laravel/framework/src/Illuminate/Foundation/Console/Kernel.php(198): Symfony\\Component\\Console\\Application->run(Object(Symfony\\Component\\Console\\Input\\ArgvInput), Object(Symfony\\Component\\Console\\Output\\ConsoleOutput))
#24 /Users/adrian12/Documents/JS-PHP25-26/PHP/examen 5ULTIMO/PARTE2/ejemploApi/apis/vendor/laravel/framework/src/Illuminate/Foundation/Application.php(1235): Illuminate\\Foundation\\Console\\Kernel->handle(Object(Symfony\\Component\\Console\\Input\\ArgvInput), Object(Symfony\\Component\\Console\\Output\\ConsoleOutput))
#25 /Users/adrian12/Documents/JS-PHP25-26/PHP/examen 5ULTIMO/PARTE2/ejemploApi/apis/artisan(16): Illuminate\\Foundation\\Application->handleCommand(Object(Symfony\\Component\\Console\\Input\\ArgvInput))
#26 {main}
"} 
[2026-02-09 10:21:25] local.ERROR: Route [login] not defined. {"exception":"[object] (Symfony\\Component\\Routing\\Exception\\RouteNotFoundException(code: 0): Route [login] not defined. at /Users/adrian12/Documents/JS-PHP25-26/PHP/examen 5ULTIMO/PARTE2/ejemploApi/apis/vendor/laravel/framework/src/Illuminate/Routing/UrlGenerator.php:526)
[stacktrace]
#0 /Users/adrian12/Documents/JS-PHP25-26/PHP/examen 5ULTIMO/PARTE2/ejemploApi/apis/vendor/laravel/framework/src/Illuminate/Foundation/helpers.php(871): Illuminate\\Routing\\UrlGenerator->route('login', Array, true)
#1 /Users/adrian12/Documents/JS-PHP25-26/PHP/examen 5ULTIMO/PARTE2/ejemploApi/apis/vendor/laravel/framework/src/Illuminate/Foundation/Configuration/ApplicationBuilder.php(278): route('login')
#2 [internal function]: Illuminate\\Foundation\\Configuration\\ApplicationBuilder->Illuminate\\Foundation\\Configuration\\{closure}(Object(Illuminate\\Http\\Request))
#3 /Users/adrian12/Documents/JS-PHP25-26/PHP/examen 5ULTIMO/PARTE2/ejemploApi/apis/vendor/laravel/framework/src/Illuminate/Auth/Middleware/Authenticate.php(117): call_user_func(Object(Closure), Object(Illuminate\\Http\\Request))
#4 /Users/adrian12/Documents/JS-PHP25-26/PHP/examen 5ULTIMO/PARTE2/ejemploApi/apis/vendor/laravel/framework/src/Illuminate/Auth/Middleware/Authenticate.php(104): Illuminate\\Auth\\Middleware\\Authenticate->redirectTo(Object(Illuminate\\Http\\Request))
#5 /Users/adrian12/Documents/JS-PHP25-26/PHP/examen 5ULTIMO/PARTE2/ejemploApi/apis/vendor/laravel/framework/src/Illuminate/Auth/Middleware/Authenticate.php(87): Illuminate\\Auth\\Middleware\\Authenticate->unauthenticated(Object(Illuminate\\Http\\Request), Array)
#6 /Users/adrian12/Documents/JS-PHP25-26/PHP/examen 5ULTIMO/PARTE2/ejemploApi/apis/vendor/laravel/framework/src/Illuminate/Auth/Middleware/Authenticate.php(61): Illuminate\\Auth\\Middleware\\Authenticate->authenticate(Object(Illuminate\\Http\\Request), Array)
#7 /Users/adrian12/Documents/JS-PHP25-26/PHP/examen 5ULTIMO/PARTE2/ejemploApi/apis/vendor/laravel/framework/src/Illuminate/Pipeline/Pipeline.php(219): Illuminate\\Auth\\Middleware\\Authenticate->handle(Object(Illuminate\\Http\\Request), Object(Closure), 'sanctum')
#8 /Users/adrian12/Documents/JS-PHP25-26/PHP/examen 5ULTIMO/PARTE2/ejemploApi/apis/vendor/laravel/framework/src/Illuminate/Pipeline/Pipeline.php(137): Illuminate\\Pipeline\\Pipeline->Illuminate\\Pipeline\\{closure}(Object(Illuminate\\Http\\Request))
#9 /Users/adrian12/Documents/JS-PHP25-26/PHP/examen 5ULTIMO/PARTE2/ejemploApi/apis/vendor/laravel/framework/src/Illuminate/Routing/Router.php(821): Illuminate\\Pipeline\\Pipeline->then(Object(Closure))
#10 /Users/adrian12/Documents/JS-PHP25-26/PHP/examen 5ULTIMO/PARTE2/ejemploApi/apis/vendor/laravel/framework/src/Illuminate/Routing/Router.php(800): Illuminate\\Routing\\Router->runRouteWithinStack(Object(Illuminate\\Routing\\Route), Object(Illuminate\\Http\\Request))
#11 /Users/adrian12/Documents/JS-PHP25-26/PHP/examen 5ULTIMO/PARTE2/ejemploApi/apis/vendor/laravel/framework/src/Illuminate/Routing/Router.php(764): Illuminate\\Routing\\Router->runRoute(Object(Illuminate\\Http\\Request), Object(Illuminate\\Routing\\Route))
#12 /Users/adrian12/Documents/JS-PHP25-26/PHP/examen 5ULTIMO/PARTE2/ejemploApi/apis/vendor/laravel/framework/src/Illuminate/Routing/Router.php(753): Illuminate\\Routing\\Router->dispatchToRoute(Object(Illuminate\\Http\\Request))
#13 /Users/adrian12/Documents/JS-PHP25-26/PHP/examen 5ULTIMO/PARTE2/ejemploApi/apis/vendor/laravel/framework/src/Illuminate/Foundation/Http/Kernel.php(200): Illuminate\\Routing\\Router->dispatch(Object(Illuminate\\Http\\Request))
#14 /Users/adrian12/Documents/JS-PHP25-26/PHP/examen 5ULTIMO/PARTE2/ejemploApi/apis/vendor/laravel/framework/src/Illuminate/Pipeline/Pipeline.php(180): Illuminate\\Foundation\\Http\\Kernel->Illuminate\\Foundation\\Http\\{closure}(Object(Illuminate\\Http\\Request))
#15 /Users/adrian12/Documents/JS-PHP25-26/PHP/examen 5ULTIMO/PARTE2/ejemploApi/apis/vendor/laravel/framework/src/Illuminate/Foundation/Http/Middleware/TransformsRequest.php(21): Illuminate\\Pipeline\\Pipeline->Illuminate\\Pipeline\\{closure}(Object(Illuminate\\Http\\Request))
#16 /Users/adrian12/Documents/JS-PHP25-26/PHP/examen 5ULTIMO/PARTE2/ejemploApi/apis/vendor/laravel/framework/src/Illuminate/Foundation/Http/Middleware/ConvertEmptyStringsToNull.php(31): Illuminate\\Foundation\\Http\\Middleware\\TransformsRequest->handle(Object(Illuminate\\Http\\Request), Object(Closure))
#17 /Users/adrian12/Documents/JS-PHP25-26/PHP/examen 5ULTIMO/PARTE2/ejemploApi/apis/vendor/laravel/framework/src/Illuminate/Pipeline/Pipeline.php(219): Illuminate\\Foundation\\Http\\Middleware\\ConvertEmptyStringsToNull->handle(Object(Illuminate\\Http\\Request), Object(Closure))
#18 /Users/adrian12/Documents/JS-PHP25-26/PHP/examen 5ULTIMO/PARTE2/ejemploApi/apis/vendor/laravel/framework/src/Illuminate/Foundation/Http/Middleware/TransformsRequest.php(21): Illuminate\\Pipeline\\Pipeline->Illuminate\\Pipeline\\{closure}(Object(Illuminate\\Http\\Request))
#19 /Users/adrian12/Documents/JS-PHP25-26/PHP/examen 5ULTIMO/PARTE2/ejemploApi/apis/vendor/laravel/framework/src/Illuminate/Foundation/Http/Middleware/TrimStrings.php(51): Illuminate\\Foundation\\Http\\Middleware\\TransformsRequest->handle(Object(Illuminate\\Http\\Request), Object(Closure))
#20 /Users/adrian12/Documents/JS-PHP25-26/PHP/examen 5ULTIMO/PARTE2/ejemploApi/apis/vendor/laravel/framework/src/Illuminate/Pipeline/Pipeline.php(219): Illuminate\\Foundation\\Http\\Middleware\\TrimStrings->handle(Object(Illuminate\\Http\\Request), Object(Closure))
#21 /Users/adrian12/Documents/JS-PHP25-26/PHP/examen 5ULTIMO/PARTE2/ejemploApi/apis/vendor/laravel/framework/src/Illuminate/Http/Middleware/ValidatePostSize.php(27): Illuminate\\Pipeline\\Pipeline->Illuminate\\Pipeline\\{closure}(Object(Illuminate\\Http\\Request))
#22 /Users/adrian12/Documents/JS-PHP25-26/PHP/examen 5ULTIMO/PARTE2/ejemploApi/apis/vendor/laravel/framework/src/Illuminate/Pipeline/Pipeline.php(219): Illuminate\\Http\\Middleware\\ValidatePostSize->handle(Object(Illuminate\\Http\\Request), Object(Closure))
#23 /Users/adrian12/Documents/JS-PHP25-26/PHP/examen 5ULTIMO/PARTE2/ejemploApi/apis/vendor/laravel/framework/src/Illuminate/Foundation/Http/Middleware/PreventRequestsDuringMaintenance.php(109): Illuminate\\Pipeline\\Pipeline->Illuminate\\Pipeline\\{closure}(Object(Illuminate\\Http\\Request))
#24 /Users/adrian12/Documents/JS-PHP25-26/PHP/examen 5ULTIMO/PARTE2/ejemploApi/apis/vendor/laravel/framework/src/Illuminate/Pipeline/Pipeline.php(219): Illuminate\\Foundation\\Http\\Middleware\\PreventRequestsDuringMaintenance->handle(Object(Illuminate\\Http\\Request), Object(Closure))
#25 /Users/adrian12/Documents/JS-PHP25-26/PHP/examen 5ULTIMO/PARTE2/ejemploApi/apis/vendor/laravel/framework/src/Illuminate/Http/Middleware/HandleCors.php(74): Illuminate\\Pipeline\\Pipeline->Illuminate\\Pipeline\\{closure}(Object(Illuminate\\Http\\Request))
#26 /Users/adrian12/Documents/JS-PHP25-26/PHP/examen 5ULTIMO/PARTE2/ejemploApi/apis/vendor/laravel/framework/src/Illuminate/Pipeline/Pipeline.php(219): Illuminate\\Http\\Middleware\\HandleCors->handle(Object(Illuminate\\Http\\Request), Object(Closure))
#27 /Users/adrian12/Documents/JS-PHP25-26/PHP/examen 5ULTIMO/PARTE2/ejemploApi/apis/vendor/laravel/framework/src/Illuminate/Http/Middleware/TrustProxies.php(58): Illuminate\\Pipeline\\Pipeline->Illuminate\\Pipeline\\{closure}(Object(Illuminate\\Http\\Request))
#28 /Users/adrian12/Documents/JS-PHP25-26/PHP/examen 5ULTIMO/PARTE2/ejemploApi/apis/vendor/laravel/framework/src/Illuminate/Pipeline/Pipeline.php(219): Illuminate\\Http\\Middleware\\TrustProxies->handle(Object(Illuminate\\Http\\Request), Object(Closure))
#29 /Users/adrian12/Documents/JS-PHP25-26/PHP/examen 5ULTIMO/PARTE2/ejemploApi/apis/vendor/laravel/framework/src/Illuminate/Foundation/Http/Middleware/InvokeDeferredCallbacks.php(22): Illuminate\\Pipeline\\Pipeline->Illuminate\\Pipeline\\{closure}(Object(Illuminate\\Http\\Request))
#30 /Users/adrian12/Documents/JS-PHP25-26/PHP/examen 5ULTIMO/PARTE2/ejemploApi/apis/vendor/laravel/framework/src/Illuminate/Pipeline/Pipeline.php(219): Illuminate\\Foundation\\Http\\Middleware\\InvokeDeferredCallbacks->handle(Object(Illuminate\\Http\\Request), Object(Closure))
#31 /Users/adrian12/Documents/JS-PHP25-26/PHP/examen 5ULTIMO/PARTE2/ejemploApi/apis/vendor/laravel/framework/src/Illuminate/Http/Middleware/ValidatePathEncoding.php(26): Illuminate\\Pipeline\\Pipeline->Illuminate\\Pipeline\\{closure}(Object(Illuminate\\Http\\Request))
#32 /Users/adrian12/Documents/JS-PHP25-26/PHP/examen 5ULTIMO/PARTE2/ejemploApi/apis/vendor/laravel/framework/src/Illuminate/Pipeline/Pipeline.php(219): Illuminate\\Http\\Middleware\\ValidatePathEncoding->handle(Object(Illuminate\\Http\\Request), Object(Closure))
#33 /Users/adrian12/Documents/JS-PHP25-26/PHP/examen 5ULTIMO/PARTE2/ejemploApi/apis/vendor/laravel/framework/src/Illuminate/Pipeline/Pipeline.php(137): Illuminate\\Pipeline\\Pipeline->Illuminate\\Pipeline\\{closure}(Object(Illuminate\\Http\\Request))
#34 /Users/adrian12/Documents/JS-PHP25-26/PHP/examen 5ULTIMO/PARTE2/ejemploApi/apis/vendor/laravel/framework/src/Illuminate/Foundation/Http/Kernel.php(175): Illuminate\\Pipeline\\Pipeline->then(Object(Closure))
#35 /Users/adrian12/Documents/JS-PHP25-26/PHP/examen 5ULTIMO/PARTE2/ejemploApi/apis/vendor/laravel/framework/src/Illuminate/Foundation/Http/Kernel.php(144): Illuminate\\Foundation\\Http\\Kernel->sendRequestThroughRouter(Object(Illuminate\\Http\\Request))
#36 /Users/adrian12/Documents/JS-PHP25-26/PHP/examen 5ULTIMO/PARTE2/ejemploApi/apis/vendor/laravel/framework/src/Illuminate/Foundation/Application.php(1220): Illuminate\\Foundation\\Http\\Kernel->handle(Object(Illuminate\\Http\\Request))
#37 /Users/adrian12/Documents/JS-PHP25-26/PHP/examen 5ULTIMO/PARTE2/ejemploApi/apis/public/index.php(20): Illuminate\\Foundation\\Application->handleRequest(Object(Illuminate\\Http\\Request))
#38 /Users/adrian12/Documents/JS-PHP25-26/PHP/examen 5ULTIMO/PARTE2/ejemploApi/apis/vendor/laravel/framework/src/Illuminate/Foundation/resources/server.php(23): require_once('/Users/adrian12...')
#39 {main}
"} 
[2026-02-09 10:21:31] local.ERROR: Route [login] not defined. {"exception":"[object] (Symfony\\Component\\Routing\\Exception\\RouteNotFoundException(code: 0): Route [login] not defined. at /Users/adrian12/Documents/JS-PHP25-26/PHP/examen 5ULTIMO/PARTE2/ejemploApi/apis/vendor/laravel/framework/src/Illuminate/Routing/UrlGenerator.php:526)
[stacktrace]
#0 /Users/adrian12/Documents/JS-PHP25-26/PHP/examen 5ULTIMO/PARTE2/ejemploApi/apis/vendor/laravel/framework/src/Illuminate/Foundation/helpers.php(871): Illuminate\\Routing\\UrlGenerator->route('login', Array, true)
#1 /Users/adrian12/Documents/JS-PHP25-26/PHP/examen 5ULTIMO/PARTE2/ejemploApi/apis/vendor/laravel/framework/src/Illuminate/Foundation/Configuration/ApplicationBuilder.php(278): route('login')
#2 [internal function]: Illuminate\\Foundation\\Configuration\\ApplicationBuilder->Illuminate\\Foundation\\Configuration\\{closure}(Object(Illuminate\\Http\\Request))
#3 /Users/adrian12/Documents/JS-PHP25-26/PHP/examen 5ULTIMO/PARTE2/ejemploApi/apis/vendor/laravel/framework/src/Illuminate/Auth/Middleware/Authenticate.php(117): call_user_func(Object(Closure), Object(Illuminate\\Http\\Request))
#4 /Users/adrian12/Documents/JS-PHP25-26/PHP/examen 5ULTIMO/PARTE2/ejemploApi/apis/vendor/laravel/framework/src/Illuminate/Auth/Middleware/Authenticate.php(104): Illuminate\\Auth\\Middleware\\Authenticate->redirectTo(Object(Illuminate\\Http\\Request))
#5 /Users/adrian12/Documents/JS-PHP25-26/PHP/examen 5ULTIMO/PARTE2/ejemploApi/apis/vendor/laravel/framework/src/Illuminate/Auth/Middleware/Authenticate.php(87): Illuminate\\Auth\\Middleware\\Authenticate->unauthenticated(Object(Illuminate\\Http\\Request), Array)
#6 /Users/adrian12/Documents/JS-PHP25-26/PHP/examen 5ULTIMO/PARTE2/ejemploApi/apis/vendor/laravel/framework/src/Illuminate/Auth/Middleware/Authenticate.php(61): Illuminate\\Auth\\Middleware\\Authenticate->authenticate(Object(Illuminate\\Http\\Request), Array)
#7 /Users/adrian12/Documents/JS-PHP25-26/PHP/examen 5ULTIMO/PARTE2/ejemploApi/apis/vendor/laravel/framework/src/Illuminate/Pipeline/Pipeline.php(219): Illuminate\\Auth\\Middleware\\Authenticate->handle(Object(Illuminate\\Http\\Request), Object(Closure), 'sanctum')
#8 /Users/adrian12/Documents/JS-PHP25-26/PHP/examen 5ULTIMO/PARTE2/ejemploApi/apis/vendor/laravel/framework/src/Illuminate/Pipeline/Pipeline.php(137): Illuminate\\Pipeline\\Pipeline->Illuminate\\Pipeline\\{closure}(Object(Illuminate\\Http\\Request))
#9 /Users/adrian12/Documents/JS-PHP25-26/PHP/examen 5ULTIMO/PARTE2/ejemploApi/apis/vendor/laravel/framework/src/Illuminate/Routing/Router.php(821): Illuminate\\Pipeline\\Pipeline->then(Object(Closure))
#10 /Users/adrian12/Documents/JS-PHP25-26/PHP/examen 5ULTIMO/PARTE2/ejemploApi/apis/vendor/laravel/framework/src/Illuminate/Routing/Router.php(800): Illuminate\\Routing\\Router->runRouteWithinStack(Object(Illuminate\\Routing\\Route), Object(Illuminate\\Http\\Request))
#11 /Users/adrian12/Documents/JS-PHP25-26/PHP/examen 5ULTIMO/PARTE2/ejemploApi/apis/vendor/laravel/framework/src/Illuminate/Routing/Router.php(764): Illuminate\\Routing\\Router->runRoute(Object(Illuminate\\Http\\Request), Object(Illuminate\\Routing\\Route))
#12 /Users/adrian12/Documents/JS-PHP25-26/PHP/examen 5ULTIMO/PARTE2/ejemploApi/apis/vendor/laravel/framework/src/Illuminate/Routing/Router.php(753): Illuminate\\Routing\\Router->dispatchToRoute(Object(Illuminate\\Http\\Request))
#13 /Users/adrian12/Documents/JS-PHP25-26/PHP/examen 5ULTIMO/PARTE2/ejemploApi/apis/vendor/laravel/framework/src/Illuminate/Foundation/Http/Kernel.php(200): Illuminate\\Routing\\Router->dispatch(Object(Illuminate\\Http\\Request))
#14 /Users/adrian12/Documents/JS-PHP25-26/PHP/examen 5ULTIMO/PARTE2/ejemploApi/apis/vendor/laravel/framework/src/Illuminate/Pipeline/Pipeline.php(180): Illuminate\\Foundation\\Http\\Kernel->Illuminate\\Foundation\\Http\\{closure}(Object(Illuminate\\Http\\Request))
#15 /Users/adrian12/Documents/JS-PHP25-26/PHP/examen 5ULTIMO/PARTE2/ejemploApi/apis/vendor/laravel/framework/src/Illuminate/Foundation/Http/Middleware/TransformsRequest.php(21): Illuminate\\Pipeline\\Pipeline->Illuminate\\Pipeline\\{closure}(Object(Illuminate\\Http\\Request))
#16 /Users/adrian12/Documents/JS-PHP25-26/PHP/examen 5ULTIMO/PARTE2/ejemploApi/apis/vendor/laravel/framework/src/Illuminate/Foundation/Http/Middleware/ConvertEmptyStringsToNull.php(31): Illuminate\\Foundation\\Http\\Middleware\\TransformsRequest->handle(Object(Illuminate\\Http\\Request), Object(Closure))
#17 /Users/adrian12/Documents/JS-PHP25-26/PHP/examen 5ULTIMO/PARTE2/ejemploApi/apis/vendor/laravel/framework/src/Illuminate/Pipeline/Pipeline.php(219): Illuminate\\Foundation\\Http\\Middleware\\ConvertEmptyStringsToNull->handle(Object(Illuminate\\Http\\Request), Object(Closure))
#18 /Users/adrian12/Documents/JS-PHP25-26/PHP/examen 5ULTIMO/PARTE2/ejemploApi/apis/vendor/laravel/framework/src/Illuminate/Foundation/Http/Middleware/TransformsRequest.php(21): Illuminate\\Pipeline\\Pipeline->Illuminate\\Pipeline\\{closure}(Object(Illuminate\\Http\\Request))
#19 /Users/adrian12/Documents/JS-PHP25-26/PHP/examen 5ULTIMO/PARTE2/ejemploApi/apis/vendor/laravel/framework/src/Illuminate/Foundation/Http/Middleware/TrimStrings.php(51): Illuminate\\Foundation\\Http\\Middleware\\TransformsRequest->handle(Object(Illuminate\\Http\\Request), Object(Closure))
#20 /Users/adrian12/Documents/JS-PHP25-26/PHP/examen 5ULTIMO/PARTE2/ejemploApi/apis/vendor/laravel/framework/src/Illuminate/Pipeline/Pipeline.php(219): Illuminate\\Foundation\\Http\\Middleware\\TrimStrings->handle(Object(Illuminate\\Http\\Request), Object(Closure))
#21 /Users/adrian12/Documents/JS-PHP25-26/PHP/examen 5ULTIMO/PARTE2/ejemploApi/apis/vendor/laravel/framework/src/Illuminate/Http/Middleware/ValidatePostSize.php(27): Illuminate\\Pipeline\\Pipeline->Illuminate\\Pipeline\\{closure}(Object(Illuminate\\Http\\Request))
#22 /Users/adrian12/Documents/JS-PHP25-26/PHP/examen 5ULTIMO/PARTE2/ejemploApi/apis/vendor/laravel/framework/src/Illuminate/Pipeline/Pipeline.php(219): Illuminate\\Http\\Middleware\\ValidatePostSize->handle(Object(Illuminate\\Http\\Request), Object(Closure))
#23 /Users/adrian12/Documents/JS-PHP25-26/PHP/examen 5ULTIMO/PARTE2/ejemploApi/apis/vendor/laravel/framework/src/Illuminate/Foundation/Http/Middleware/PreventRequestsDuringMaintenance.php(109): Illuminate\\Pipeline\\Pipeline->Illuminate\\Pipeline\\{closure}(Object(Illuminate\\Http\\Request))
#24 /Users/adrian12/Documents/JS-PHP25-26/PHP/examen 5ULTIMO/PARTE2/ejemploApi/apis/vendor/laravel/framework/src/Illuminate/Pipeline/Pipeline.php(219): Illuminate\\Foundation\\Http\\Middleware\\PreventRequestsDuringMaintenance->handle(Object(Illuminate\\Http\\Request), Object(Closure))
#25 /Users/adrian12/Documents/JS-PHP25-26/PHP/examen 5ULTIMO/PARTE2/ejemploApi/apis/vendor/laravel/framework/src/Illuminate/Http/Middleware/HandleCors.php(74): Illuminate\\Pipeline\\Pipeline->Illuminate\\Pipeline\\{closure}(Object(Illuminate\\Http\\Request))
#26 /Users/adrian12/Documents/JS-PHP25-26/PHP/examen 5ULTIMO/PARTE2/ejemploApi/apis/vendor/laravel/framework/src/Illuminate/Pipeline/Pipeline.php(219): Illuminate\\Http\\Middleware\\HandleCors->handle(Object(Illuminate\\Http\\Request), Object(Closure))
#27 /Users/adrian12/Documents/JS-PHP25-26/PHP/examen 5ULTIMO/PARTE2/ejemploApi/apis/vendor/laravel/framework/src/Illuminate/Http/Middleware/TrustProxies.php(58): Illuminate\\Pipeline\\Pipeline->Illuminate\\Pipeline\\{closure}(Object(Illuminate\\Http\\Request))
#28 /Users/adrian12/Documents/JS-PHP25-26/PHP/examen 5ULTIMO/PARTE2/ejemploApi/apis/vendor/laravel/framework/src/Illuminate/Pipeline/Pipeline.php(219): Illuminate\\Http\\Middleware\\TrustProxies->handle(Object(Illuminate\\Http\\Request), Object(Closure))
#29 /Users/adrian12/Documents/JS-PHP25-26/PHP/examen 5ULTIMO/PARTE2/ejemploApi/apis/vendor/laravel/framework/src/Illuminate/Foundation/Http/Middleware/InvokeDeferredCallbacks.php(22): Illuminate\\Pipeline\\Pipeline->Illuminate\\Pipeline\\{closure}(Object(Illuminate\\Http\\Request))
#30 /Users/adrian12/Documents/JS-PHP25-26/PHP/examen 5ULTIMO/PARTE2/ejemploApi/apis/vendor/laravel/framework/src/Illuminate/Pipeline/Pipeline.php(219): Illuminate\\Foundation\\Http\\Middleware\\InvokeDeferredCallbacks->handle(Object(Illuminate\\Http\\Request), Object(Closure))
#31 /Users/adrian12/Documents/JS-PHP25-26/PHP/examen 5ULTIMO/PARTE2/ejemploApi/apis/vendor/laravel/framework/src/Illuminate/Http/Middleware/ValidatePathEncoding.php(26): Illuminate\\Pipeline\\Pipeline->Illuminate\\Pipeline\\{closure}(Object(Illuminate\\Http\\Request))
#32 /Users/adrian12/Documents/JS-PHP25-26/PHP/examen 5ULTIMO/PARTE2/ejemploApi/apis/vendor/laravel/framework/src/Illuminate/Pipeline/Pipeline.php(219): Illuminate\\Http\\Middleware\\ValidatePathEncoding->handle(Object(Illuminate\\Http\\Request), Object(Closure))
#33 /Users/adrian12/Documents/JS-PHP25-26/PHP/examen 5ULTIMO/PARTE2/ejemploApi/apis/vendor/laravel/framework/src/Illuminate/Pipeline/Pipeline.php(137): Illuminate\\Pipeline\\Pipeline->Illuminate\\Pipeline\\{closure}(Object(Illuminate\\Http\\Request))
#34 /Users/adrian12/Documents/JS-PHP25-26/PHP/examen 5ULTIMO/PARTE2/ejemploApi/apis/vendor/laravel/framework/src/Illuminate/Foundation/Http/Kernel.php(175): Illuminate\\Pipeline\\Pipeline->then(Object(Closure))
#35 /Users/adrian12/Documents/JS-PHP25-26/PHP/examen 5ULTIMO/PARTE2/ejemploApi/apis/vendor/laravel/framework/src/Illuminate/Foundation/Http/Kernel.php(144): Illuminate\\Foundation\\Http\\Kernel->sendRequestThroughRouter(Object(Illuminate\\Http\\Request))
#36 /Users/adrian12/Documents/JS-PHP25-26/PHP/examen 5ULTIMO/PARTE2/ejemploApi/apis/vendor/laravel/framework/src/Illuminate/Foundation/Application.php(1220): Illuminate\\Foundation\\Http\\Kernel->handle(Object(Illuminate\\Http\\Request))
#37 /Users/adrian12/Documents/JS-PHP25-26/PHP/examen 5ULTIMO/PARTE2/ejemploApi/apis/public/index.php(20): Illuminate\\Foundation\\Application->handleRequest(Object(Illuminate\\Http\\Request))
#38 /Users/adrian12/Documents/JS-PHP25-26/PHP/examen 5ULTIMO/PARTE2/ejemploApi/apis/vendor/laravel/framework/src/Illuminate/Foundation/resources/server.php(23): require_once('/Users/adrian12...')
#39 {main}
"} 
